2025-03-16 15:51:51,367 - elsapy.elsclient - INFO - Module loaded.
2025-03-16 15:53:04,911 - elsapy.elsclient - INFO - Module loaded.
2025-03-16 15:53:05,765 - elsapy.utils - INFO - Module loaded.
2025-03-16 15:53:05,766 - elsapy.elssearch - INFO - Module loaded.
2025-03-16 15:56:14,368 - elsapy.elsclient - INFO - Sending GET request to https://api.elsevier.com/content/search/scopus?query=Modulating+the+magnetic+properties+of+Fe3C%2FC+encapsulated+core%2Fshell+nanoparticles+for+potential+prospects+in+biomedicine
2025-03-16 15:56:16,232 - elsapy.utils - INFO - Converting prism:coverDate
2025-03-16 15:58:42,272 - elsapy.elsclient - INFO - Module loaded.
2025-03-16 15:58:43,301 - elsapy.utils - INFO - Module loaded.
2025-03-16 15:58:43,302 - elsapy.elssearch - INFO - Module loaded.
2025-03-16 15:59:20,213 - elsapy.elsclient - INFO - Sending GET request to https://api.elsevier.com/content/search/scopus?query=Modulating+the+magnetic+properties+of+Fe3C%2FC+encapsulated+core%2Fshell+nanoparticles+for+potential+prospects+in+biomedicine
2025-03-16 15:59:21,639 - elsapy.utils - INFO - Converting prism:coverDate
2025-03-16 16:00:49,456 - elsapy.elsclient - INFO - Module loaded.
2025-03-16 16:00:50,395 - elsapy.utils - INFO - Module loaded.
2025-03-16 16:00:50,396 - elsapy.elssearch - INFO - Module loaded.
2025-03-16 16:00:58,134 - elsapy.elsclient - INFO - Module loaded.
2025-03-16 16:00:59,115 - elsapy.utils - INFO - Module loaded.
2025-03-16 16:00:59,115 - elsapy.elssearch - INFO - Module loaded.
2025-03-16 16:01:28,696 - elsapy.elsclient - INFO - Sending GET request to https://api.elsevier.com/content/search/scopus?query=Modulating+the+magnetic+properties+of+Fe3C%2FC+encapsulated+core%2Fshell+nanoparticles+for+potential+prospects+in+biomedicine
2025-03-16 16:01:29,969 - elsapy.utils - INFO - Converting prism:coverDate
2025-03-16 16:13:45,366 - elsapy.elsclient - INFO - Module loaded.
2025-03-16 16:13:46,598 - elsapy.utils - INFO - Module loaded.
2025-03-16 16:13:46,600 - elsapy.elssearch - INFO - Module loaded.
2025-03-16 16:13:46,636 - elsapy.elsentity - INFO - Module loaded.
2025-03-16 16:13:46,637 - elsapy.elsdoc - INFO - Module loaded.
2025-03-16 16:14:23,891 - elsapy.elsclient - INFO - Sending GET request to https://api.elsevier.com/content/search/scopus?query=Modulating+the+magnetic+properties+of+Fe3C%2FC+encapsulated+core%2Fshell+nanoparticles+for+potential+prospects+in+biomedicine
2025-03-16 16:14:25,536 - elsapy.utils - INFO - Converting prism:coverDate
2025-03-16 16:14:26,526 - elsapy.elsclient - INFO - Sending GET request to https://api.elsevier.com/content/abstract/scopus_id/85195025861
2025-03-16 16:14:27,128 - elsapy.elsentity - INFO - Data loaded for https://api.elsevier.com/content/abstract/scopus_id/85195025861
2025-03-16 16:14:28,129 - elsapy.elsclient - INFO - Sending GET request to https://api.elsevier.com/content/abstract/scopus_id/85067238068
2025-03-16 16:14:29,542 - elsapy.elsentity - INFO - Data loaded for https://api.elsevier.com/content/abstract/scopus_id/85067238068
2025-03-16 16:16:05,255 - elsapy.elsclient - INFO - Module loaded.
2025-03-16 16:16:06,540 - elsapy.utils - INFO - Module loaded.
2025-03-16 16:16:06,540 - elsapy.elssearch - INFO - Module loaded.
2025-03-16 16:16:06,544 - elsapy.elsentity - INFO - Module loaded.
2025-03-16 16:16:06,545 - elsapy.elsdoc - INFO - Module loaded.
2025-03-16 16:16:30,942 - elsapy.elsclient - INFO - Sending GET request to https://api.elsevier.com/content/search/scopus?query=Modulating+the+magnetic+properties+of+Fe3C%2FC+encapsulated+core%2Fshell+nanoparticles+for+potential+prospects+in+biomedicine
2025-03-16 16:16:32,286 - elsapy.utils - INFO - Converting prism:coverDate
2025-03-16 16:16:33,282 - elsapy.elsclient - INFO - Sending GET request to https://api.elsevier.com/content/abstract/scopus_id/85195025861
2025-03-16 16:16:34,739 - elsapy.elsentity - INFO - Data loaded for https://api.elsevier.com/content/abstract/scopus_id/85195025861
2025-03-16 16:16:35,738 - elsapy.elsclient - INFO - Sending GET request to https://api.elsevier.com/content/abstract/scopus_id/85067238068
2025-03-16 16:16:37,215 - elsapy.elsentity - INFO - Data loaded for https://api.elsevier.com/content/abstract/scopus_id/85067238068
2025-03-16 16:17:14,076 - elsapy.elsclient - INFO - Module loaded.
2025-03-16 16:17:14,975 - elsapy.utils - INFO - Module loaded.
2025-03-16 16:17:14,976 - elsapy.elssearch - INFO - Module loaded.
2025-03-16 16:17:14,980 - elsapy.elsentity - INFO - Module loaded.
2025-03-16 16:17:14,980 - elsapy.elsdoc - INFO - Module loaded.
2025-03-16 16:19:38,029 - elsapy.elsclient - INFO - Sending GET request to https://api.elsevier.com/content/search/scopus?query=Quantum-Enhanced+Support+Vector+Machine+for+Large-Scale+Stellar+Classification
2025-03-16 16:19:40,319 - elsapy.utils - INFO - Converting prism:coverDate
2025-03-16 16:19:41,311 - elsapy.elsclient - INFO - Sending GET request to https://api.elsevier.com/content/abstract/scopus_id/85218638531
2025-03-16 16:19:42,728 - elsapy.elsentity - INFO - Data loaded for https://api.elsevier.com/content/abstract/scopus_id/85218638531
2025-03-16 16:19:43,729 - elsapy.elsclient - INFO - Sending GET request to https://api.elsevier.com/content/abstract/scopus_id/85218484108
2025-03-16 16:19:45,288 - elsapy.elsentity - INFO - Data loaded for https://api.elsevier.com/content/abstract/scopus_id/85218484108
2025-03-16 16:19:46,288 - elsapy.elsclient - INFO - Sending GET request to https://api.elsevier.com/content/abstract/scopus_id/85209730822
2025-03-16 16:19:47,706 - elsapy.elsentity - INFO - Data loaded for https://api.elsevier.com/content/abstract/scopus_id/85209730822
2025-03-16 16:19:48,706 - elsapy.elsclient - INFO - Sending GET request to https://api.elsevier.com/content/abstract/scopus_id/85217695831
2025-03-16 16:19:50,104 - elsapy.elsentity - INFO - Data loaded for https://api.elsevier.com/content/abstract/scopus_id/85217695831
2025-03-16 16:19:51,103 - elsapy.elsclient - INFO - Sending GET request to https://api.elsevier.com/content/abstract/scopus_id/85217179233
2025-03-16 16:19:52,476 - elsapy.elsentity - INFO - Data loaded for https://api.elsevier.com/content/abstract/scopus_id/85217179233
2025-03-16 16:19:53,476 - elsapy.elsclient - INFO - Sending GET request to https://api.elsevier.com/content/abstract/scopus_id/85217172088
2025-03-16 16:19:54,873 - elsapy.elsentity - INFO - Data loaded for https://api.elsevier.com/content/abstract/scopus_id/85217172088
2025-03-16 16:19:55,873 - elsapy.elsclient - INFO - Sending GET request to https://api.elsevier.com/content/abstract/scopus_id/85216282525
2025-03-16 16:19:57,371 - elsapy.elsentity - INFO - Data loaded for https://api.elsevier.com/content/abstract/scopus_id/85216282525
2025-03-16 16:19:58,373 - elsapy.elsclient - INFO - Sending GET request to https://api.elsevier.com/content/abstract/scopus_id/85204656794
2025-03-16 16:19:59,788 - elsapy.elsentity - INFO - Data loaded for https://api.elsevier.com/content/abstract/scopus_id/85204656794
2025-03-16 16:20:00,788 - elsapy.elsclient - INFO - Sending GET request to https://api.elsevier.com/content/abstract/scopus_id/85203675730
2025-03-16 16:20:01,907 - elsapy.elsentity - INFO - Data loaded for https://api.elsevier.com/content/abstract/scopus_id/85203675730
2025-03-16 16:20:02,908 - elsapy.elsclient - INFO - Sending GET request to https://api.elsevier.com/content/abstract/scopus_id/85201086278
2025-03-16 16:20:04,243 - elsapy.elsentity - INFO - Data loaded for https://api.elsevier.com/content/abstract/scopus_id/85201086278
2025-03-16 16:22:41,262 - elsapy.elsclient - INFO - Sending GET request to https://api.elsevier.com/content/search/scopus?query=Quantum-Enhanced+Support+Vector+Machine+for+Large-Scale+Stellar+Classification
2025-03-16 16:22:42,420 - elsapy.utils - INFO - Converting prism:coverDate
2025-03-16 16:22:43,416 - elsapy.elsclient - INFO - Sending GET request to https://api.elsevier.com/content/abstract/scopus_id/85218638531
2025-03-16 16:22:44,083 - elsapy.elsentity - INFO - Data loaded for https://api.elsevier.com/content/abstract/scopus_id/85218638531
2025-03-16 16:22:45,084 - elsapy.elsclient - INFO - Sending GET request to https://api.elsevier.com/content/abstract/scopus_id/85218484108
2025-03-16 16:22:45,781 - elsapy.elsentity - INFO - Data loaded for https://api.elsevier.com/content/abstract/scopus_id/85218484108
2025-03-16 16:22:46,781 - elsapy.elsclient - INFO - Sending GET request to https://api.elsevier.com/content/abstract/scopus_id/85209730822
2025-03-16 16:22:47,452 - elsapy.elsentity - INFO - Data loaded for https://api.elsevier.com/content/abstract/scopus_id/85209730822
2025-03-16 16:22:48,452 - elsapy.elsclient - INFO - Sending GET request to https://api.elsevier.com/content/abstract/scopus_id/85217695831
2025-03-16 16:22:49,769 - elsapy.elsentity - INFO - Data loaded for https://api.elsevier.com/content/abstract/scopus_id/85217695831
2025-03-16 16:22:50,769 - elsapy.elsclient - INFO - Sending GET request to https://api.elsevier.com/content/abstract/scopus_id/85217179233
2025-03-16 16:22:51,316 - elsapy.elsentity - INFO - Data loaded for https://api.elsevier.com/content/abstract/scopus_id/85217179233
2025-03-16 16:22:52,315 - elsapy.elsclient - INFO - Sending GET request to https://api.elsevier.com/content/abstract/scopus_id/85217172088
2025-03-16 16:22:53,769 - elsapy.elsentity - INFO - Data loaded for https://api.elsevier.com/content/abstract/scopus_id/85217172088
2025-03-16 16:22:54,769 - elsapy.elsclient - INFO - Sending GET request to https://api.elsevier.com/content/abstract/scopus_id/85216282525
2025-03-16 16:22:55,343 - elsapy.elsentity - INFO - Data loaded for https://api.elsevier.com/content/abstract/scopus_id/85216282525
2025-03-16 16:22:56,343 - elsapy.elsclient - INFO - Sending GET request to https://api.elsevier.com/content/abstract/scopus_id/85204656794
2025-03-16 16:22:57,762 - elsapy.elsentity - INFO - Data loaded for https://api.elsevier.com/content/abstract/scopus_id/85204656794
2025-03-16 16:22:58,764 - elsapy.elsclient - INFO - Sending GET request to https://api.elsevier.com/content/abstract/scopus_id/85203675730
2025-03-16 16:23:00,159 - elsapy.elsentity - INFO - Data loaded for https://api.elsevier.com/content/abstract/scopus_id/85203675730
2025-03-16 16:23:01,160 - elsapy.elsclient - INFO - Sending GET request to https://api.elsevier.com/content/abstract/scopus_id/85201086278
2025-03-16 16:23:01,738 - elsapy.elsentity - INFO - Data loaded for https://api.elsevier.com/content/abstract/scopus_id/85201086278
2025-03-16 16:23:04,101 - elsapy.elsclient - INFO - Module loaded.
2025-03-16 16:23:05,177 - elsapy.utils - INFO - Module loaded.
2025-03-16 16:23:05,178 - elsapy.elssearch - INFO - Module loaded.
2025-03-16 16:23:05,183 - elsapy.elsentity - INFO - Module loaded.
2025-03-16 16:23:05,184 - elsapy.elsdoc - INFO - Module loaded.
2025-03-16 16:25:07,253 - elsapy.elsclient - INFO - Module loaded.
2025-03-16 16:25:08,230 - elsapy.utils - INFO - Module loaded.
2025-03-16 16:25:08,232 - elsapy.elssearch - INFO - Module loaded.
2025-03-16 16:25:08,235 - elsapy.elsentity - INFO - Module loaded.
2025-03-16 16:25:08,236 - elsapy.elsdoc - INFO - Module loaded.
2025-03-16 16:25:41,368 - elsapy.elsclient - INFO - Module loaded.
2025-03-16 16:25:42,224 - elsapy.utils - INFO - Module loaded.
2025-03-16 16:25:42,224 - elsapy.elssearch - INFO - Module loaded.
2025-03-16 16:25:42,228 - elsapy.elsentity - INFO - Module loaded.
2025-03-16 16:25:42,228 - elsapy.elsdoc - INFO - Module loaded.
2025-03-16 16:25:50,758 - elsapy.elsclient - INFO - Module loaded.
2025-03-16 16:25:51,603 - elsapy.utils - INFO - Module loaded.
2025-03-16 16:25:51,604 - elsapy.elssearch - INFO - Module loaded.
2025-03-16 16:25:51,607 - elsapy.elsentity - INFO - Module loaded.
2025-03-16 16:25:51,607 - elsapy.elsdoc - INFO - Module loaded.
2025-03-16 16:26:43,403 - elsapy.elsclient - INFO - Sending GET request to https://api.elsevier.com/content/search/scopus?query=Quantum-Enhanced+Support+Vector+Machine+for+Large-Scale+Stellar+Classification+with+GPU+Acceleration
2025-03-16 16:26:44,405 - elsapy.utils - INFO - Converting prism:coverDate
2025-03-16 16:26:45,396 - elsapy.elsclient - INFO - Sending GET request to https://api.elsevier.com/content/abstract/scopus_id/85218638531
2025-03-16 16:26:46,117 - elsapy.elsentity - INFO - Data loaded for https://api.elsevier.com/content/abstract/scopus_id/85218638531
2025-03-16 16:26:47,117 - elsapy.elsclient - INFO - Sending GET request to https://api.elsevier.com/content/abstract/scopus_id/85218484108
2025-03-16 16:26:47,756 - elsapy.elsentity - INFO - Data loaded for https://api.elsevier.com/content/abstract/scopus_id/85218484108
2025-03-16 16:26:48,756 - elsapy.elsclient - INFO - Sending GET request to https://api.elsevier.com/content/abstract/scopus_id/85217695831
2025-03-16 16:26:49,325 - elsapy.elsentity - INFO - Data loaded for https://api.elsevier.com/content/abstract/scopus_id/85217695831
2025-03-16 16:26:50,325 - elsapy.elsclient - INFO - Sending GET request to https://api.elsevier.com/content/abstract/scopus_id/85217179233
2025-03-16 16:26:51,953 - elsapy.elsentity - INFO - Data loaded for https://api.elsevier.com/content/abstract/scopus_id/85217179233
2025-03-16 16:26:52,954 - elsapy.elsclient - INFO - Sending GET request to https://api.elsevier.com/content/abstract/scopus_id/85217172088
2025-03-16 16:26:54,412 - elsapy.elsentity - INFO - Data loaded for https://api.elsevier.com/content/abstract/scopus_id/85217172088
2025-03-16 16:26:55,413 - elsapy.elsclient - INFO - Sending GET request to https://api.elsevier.com/content/abstract/scopus_id/85204656794
2025-03-16 16:26:55,958 - elsapy.elsentity - INFO - Data loaded for https://api.elsevier.com/content/abstract/scopus_id/85204656794
2025-03-16 16:26:56,957 - elsapy.elsclient - INFO - Sending GET request to https://api.elsevier.com/content/abstract/scopus_id/85203675730
2025-03-16 16:26:57,587 - elsapy.elsentity - INFO - Data loaded for https://api.elsevier.com/content/abstract/scopus_id/85203675730
2025-03-16 16:26:58,587 - elsapy.elsclient - INFO - Sending GET request to https://api.elsevier.com/content/abstract/scopus_id/85201086278
2025-03-16 16:26:59,226 - elsapy.elsentity - INFO - Data loaded for https://api.elsevier.com/content/abstract/scopus_id/85201086278
2025-03-16 16:41:13,156 - elsapy.elsclient - INFO - Module loaded.
2025-03-16 16:41:14,682 - elsapy.utils - INFO - Module loaded.
2025-03-16 16:41:14,682 - elsapy.elssearch - INFO - Module loaded.
2025-03-16 16:41:14,705 - elsapy.elsentity - INFO - Module loaded.
2025-03-16 16:41:14,716 - elsapy.elsdoc - INFO - Module loaded.
2025-03-16 16:41:22,166 - elsapy.elsclient - INFO - Module loaded.
2025-03-16 16:41:23,340 - elsapy.utils - INFO - Module loaded.
2025-03-16 16:41:23,342 - elsapy.elssearch - INFO - Module loaded.
2025-03-16 16:41:23,346 - elsapy.elsentity - INFO - Module loaded.
2025-03-16 16:41:23,347 - elsapy.elsdoc - INFO - Module loaded.
2025-03-16 16:41:30,870 - elsapy.elsclient - INFO - Module loaded.
2025-03-16 16:41:32,624 - elsapy.utils - INFO - Module loaded.
2025-03-16 16:41:32,625 - elsapy.elssearch - INFO - Module loaded.
2025-03-16 16:41:32,630 - elsapy.elsentity - INFO - Module loaded.
2025-03-16 16:41:32,631 - elsapy.elsdoc - INFO - Module loaded.
2025-03-16 16:42:35,506 - elsapy.elsclient - INFO - Module loaded.
2025-03-16 16:42:36,671 - elsapy.utils - INFO - Module loaded.
2025-03-16 16:42:36,672 - elsapy.elssearch - INFO - Module loaded.
2025-03-16 16:42:36,677 - elsapy.elsentity - INFO - Module loaded.
2025-03-16 16:42:36,678 - elsapy.elsdoc - INFO - Module loaded.
2025-03-16 16:42:40,139 - elsapy.elsclient - INFO - Sending GET request to https://api.elsevier.com/content/search/scopus?query=Quantum-Enhanced+Support+Vector+Machine+for+Large-Scale+Stellar+Classification+with+GPU+Acceleration
2025-03-16 16:42:42,268 - elsapy.utils - INFO - Converting prism:coverDate
2025-03-16 16:42:43,262 - elsapy.elsclient - INFO - Sending GET request to https://api.elsevier.com/content/abstract/scopus_id/85218638531
2025-03-16 16:42:43,982 - elsapy.elsentity - INFO - Data loaded for https://api.elsevier.com/content/abstract/scopus_id/85218638531
2025-03-16 16:42:44,983 - elsapy.elsclient - INFO - Sending GET request to https://api.elsevier.com/content/abstract/scopus_id/85218484108
2025-03-16 16:42:50,582 - elsapy.elsentity - INFO - Data loaded for https://api.elsevier.com/content/abstract/scopus_id/85218484108
2025-03-16 16:42:51,583 - elsapy.elsclient - INFO - Sending GET request to https://api.elsevier.com/content/abstract/scopus_id/85217695831
2025-03-16 16:42:52,988 - elsapy.elsentity - INFO - Data loaded for https://api.elsevier.com/content/abstract/scopus_id/85217695831
2025-03-16 16:42:53,989 - elsapy.elsclient - INFO - Sending GET request to https://api.elsevier.com/content/abstract/scopus_id/85217179233
2025-03-16 16:42:54,557 - elsapy.elsentity - INFO - Data loaded for https://api.elsevier.com/content/abstract/scopus_id/85217179233
2025-03-16 16:42:55,556 - elsapy.elsclient - INFO - Sending GET request to https://api.elsevier.com/content/abstract/scopus_id/85217172088
2025-03-16 16:42:56,884 - elsapy.elsentity - INFO - Data loaded for https://api.elsevier.com/content/abstract/scopus_id/85217172088
2025-03-16 16:42:57,886 - elsapy.elsclient - INFO - Sending GET request to https://api.elsevier.com/content/abstract/scopus_id/85204656794
2025-03-16 16:42:59,238 - elsapy.elsentity - INFO - Data loaded for https://api.elsevier.com/content/abstract/scopus_id/85204656794
2025-03-16 16:43:00,238 - elsapy.elsclient - INFO - Sending GET request to https://api.elsevier.com/content/abstract/scopus_id/85203675730
2025-03-16 16:43:01,844 - elsapy.elsentity - INFO - Data loaded for https://api.elsevier.com/content/abstract/scopus_id/85203675730
2025-03-16 16:43:02,845 - elsapy.elsclient - INFO - Sending GET request to https://api.elsevier.com/content/abstract/scopus_id/85201086278
2025-03-16 16:43:03,479 - elsapy.elsentity - INFO - Data loaded for https://api.elsevier.com/content/abstract/scopus_id/85201086278
2025-03-16 16:48:15,836 - elsapy.elsclient - INFO - Module loaded.
2025-03-16 16:48:16,607 - elsapy.utils - INFO - Module loaded.
2025-03-16 16:48:16,608 - elsapy.elssearch - INFO - Module loaded.
2025-03-16 16:48:16,610 - elsapy.elsentity - INFO - Module loaded.
2025-03-16 16:48:16,611 - elsapy.elsdoc - INFO - Module loaded.
2025-03-16 16:48:18,678 - elsapy.elsclient - INFO - Sending GET request to https://api.elsevier.com/content/search/scopus?query=Quantum-Enhanced+Support+Vector+Machine+for+Large-Scale+Stellar+Classification+with+GPU+Acceleration
2025-03-16 16:48:20,275 - elsapy.utils - INFO - Converting prism:coverDate
2025-03-16 16:48:21,272 - elsapy.elsclient - INFO - Sending GET request to https://api.elsevier.com/content/abstract/scopus_id/85218638531
2025-03-16 16:48:21,895 - elsapy.elsentity - INFO - Data loaded for https://api.elsevier.com/content/abstract/scopus_id/85218638531
2025-03-16 16:48:22,896 - elsapy.elsclient - INFO - Sending GET request to https://api.elsevier.com/content/abstract/scopus_id/85218484108
2025-03-16 16:48:23,445 - elsapy.elsentity - INFO - Data loaded for https://api.elsevier.com/content/abstract/scopus_id/85218484108
2025-03-16 16:48:24,447 - elsapy.elsclient - INFO - Sending GET request to https://api.elsevier.com/content/abstract/scopus_id/85217695831
2025-03-16 16:48:25,016 - elsapy.elsentity - INFO - Data loaded for https://api.elsevier.com/content/abstract/scopus_id/85217695831
2025-03-16 16:48:26,017 - elsapy.elsclient - INFO - Sending GET request to https://api.elsevier.com/content/abstract/scopus_id/85217179233
2025-03-16 16:48:26,625 - elsapy.elsentity - INFO - Data loaded for https://api.elsevier.com/content/abstract/scopus_id/85217179233
2025-03-16 16:48:27,626 - elsapy.elsclient - INFO - Sending GET request to https://api.elsevier.com/content/abstract/scopus_id/85217172088
2025-03-16 16:48:28,908 - elsapy.elsentity - INFO - Data loaded for https://api.elsevier.com/content/abstract/scopus_id/85217172088
2025-03-16 16:48:29,910 - elsapy.elsclient - INFO - Sending GET request to https://api.elsevier.com/content/abstract/scopus_id/85204656794
2025-03-16 16:48:31,249 - elsapy.elsentity - INFO - Data loaded for https://api.elsevier.com/content/abstract/scopus_id/85204656794
2025-03-16 16:48:32,250 - elsapy.elsclient - INFO - Sending GET request to https://api.elsevier.com/content/abstract/scopus_id/85203675730
2025-03-16 16:48:33,606 - elsapy.elsentity - INFO - Data loaded for https://api.elsevier.com/content/abstract/scopus_id/85203675730
2025-03-16 16:48:34,607 - elsapy.elsclient - INFO - Sending GET request to https://api.elsevier.com/content/abstract/scopus_id/85201086278
2025-03-16 16:48:35,999 - elsapy.elsentity - INFO - Data loaded for https://api.elsevier.com/content/abstract/scopus_id/85201086278
2025-03-16 16:59:35,225 - elsapy.elsclient - INFO - Module loaded.
2025-03-16 16:59:36,350 - elsapy.utils - INFO - Module loaded.
2025-03-16 16:59:36,350 - elsapy.elssearch - INFO - Module loaded.
2025-03-16 16:59:36,353 - elsapy.elsentity - INFO - Module loaded.
2025-03-16 16:59:36,353 - elsapy.elsdoc - INFO - Module loaded.
2025-03-16 17:00:08,018 - elsapy.elsclient - INFO - Sending GET request to https://api.elsevier.com/content/search/scopus?query=Quantum-Enhanced+Support+Vector+Machine+for+Large-Scale+Stellar+Classification
2025-03-16 17:00:14,991 - elsapy.utils - INFO - Converting prism:coverDate
2025-03-16 17:00:15,970 - elsapy.elsclient - INFO - Sending GET request to https://api.elsevier.com/content/abstract/scopus_id/85218638531
2025-03-16 17:00:17,581 - elsapy.elsentity - INFO - Data loaded for https://api.elsevier.com/content/abstract/scopus_id/85218638531
2025-03-16 17:00:18,581 - elsapy.elsclient - INFO - Sending GET request to https://api.elsevier.com/content/abstract/scopus_id/85218484108
2025-03-16 17:00:20,219 - elsapy.elsentity - INFO - Data loaded for https://api.elsevier.com/content/abstract/scopus_id/85218484108
2025-03-16 17:00:21,219 - elsapy.elsclient - INFO - Sending GET request to https://api.elsevier.com/content/abstract/scopus_id/85209730822
2025-03-16 17:00:22,159 - elsapy.elsentity - INFO - Data loaded for https://api.elsevier.com/content/abstract/scopus_id/85209730822
2025-03-16 17:00:23,159 - elsapy.elsclient - INFO - Sending GET request to https://api.elsevier.com/content/abstract/scopus_id/85217695831
2025-03-16 17:00:24,592 - elsapy.elsentity - INFO - Data loaded for https://api.elsevier.com/content/abstract/scopus_id/85217695831
2025-03-16 17:00:25,594 - elsapy.elsclient - INFO - Sending GET request to https://api.elsevier.com/content/abstract/scopus_id/85217179233
2025-03-16 17:00:26,255 - elsapy.elsentity - INFO - Data loaded for https://api.elsevier.com/content/abstract/scopus_id/85217179233
2025-03-16 17:00:27,256 - elsapy.elsclient - INFO - Sending GET request to https://api.elsevier.com/content/abstract/scopus_id/85217172088
2025-03-16 17:00:29,088 - elsapy.elsentity - INFO - Data loaded for https://api.elsevier.com/content/abstract/scopus_id/85217172088
2025-03-16 17:00:30,088 - elsapy.elsclient - INFO - Sending GET request to https://api.elsevier.com/content/abstract/scopus_id/85216282525
2025-03-16 17:00:32,082 - elsapy.elsentity - INFO - Data loaded for https://api.elsevier.com/content/abstract/scopus_id/85216282525
2025-03-16 17:00:33,083 - elsapy.elsclient - INFO - Sending GET request to https://api.elsevier.com/content/abstract/scopus_id/85204656794
2025-03-16 17:00:34,555 - elsapy.elsentity - INFO - Data loaded for https://api.elsevier.com/content/abstract/scopus_id/85204656794
2025-03-16 17:00:35,556 - elsapy.elsclient - INFO - Sending GET request to https://api.elsevier.com/content/abstract/scopus_id/85203675730
2025-03-16 17:00:37,014 - elsapy.elsentity - INFO - Data loaded for https://api.elsevier.com/content/abstract/scopus_id/85203675730
2025-03-16 17:00:38,014 - elsapy.elsclient - INFO - Sending GET request to https://api.elsevier.com/content/abstract/scopus_id/85201086278
2025-03-16 17:00:39,399 - elsapy.elsentity - INFO - Data loaded for https://api.elsevier.com/content/abstract/scopus_id/85201086278
2025-03-16 17:21:42,694 - elsapy.elsclient - INFO - Module loaded.
2025-03-16 17:21:44,079 - elsapy.utils - INFO - Module loaded.
2025-03-16 17:21:44,080 - elsapy.elssearch - INFO - Module loaded.
2025-03-16 17:21:44,083 - elsapy.elsentity - INFO - Module loaded.
2025-03-16 17:21:44,083 - elsapy.elsdoc - INFO - Module loaded.
2025-03-16 17:22:26,616 - elsapy.elsclient - INFO - Module loaded.
2025-03-16 17:22:27,366 - elsapy.utils - INFO - Module loaded.
2025-03-16 17:22:27,366 - elsapy.elssearch - INFO - Module loaded.
2025-03-16 17:22:27,369 - elsapy.elsentity - INFO - Module loaded.
2025-03-16 17:22:27,370 - elsapy.elsdoc - INFO - Module loaded.
2025-03-16 17:22:30,702 - elsapy.elsclient - INFO - Module loaded.
2025-03-16 17:22:31,352 - elsapy.utils - INFO - Module loaded.
2025-03-16 17:22:31,353 - elsapy.elssearch - INFO - Module loaded.
2025-03-16 17:22:31,355 - elsapy.elsentity - INFO - Module loaded.
2025-03-16 17:22:31,356 - elsapy.elsdoc - INFO - Module loaded.
2025-03-16 17:22:34,652 - elsapy.elsclient - INFO - Module loaded.
2025-03-16 17:22:35,315 - elsapy.utils - INFO - Module loaded.
2025-03-16 17:22:35,315 - elsapy.elssearch - INFO - Module loaded.
2025-03-16 17:22:35,318 - elsapy.elsentity - INFO - Module loaded.
2025-03-16 17:22:35,319 - elsapy.elsdoc - INFO - Module loaded.
2025-03-16 17:23:09,729 - elsapy.elsclient - INFO - Module loaded.
2025-03-16 17:23:10,363 - elsapy.utils - INFO - Module loaded.
2025-03-16 17:23:10,363 - elsapy.elssearch - INFO - Module loaded.
2025-03-16 17:23:10,366 - elsapy.elsentity - INFO - Module loaded.
2025-03-16 17:23:10,367 - elsapy.elsdoc - INFO - Module loaded.
2025-03-16 17:23:41,237 - elsapy.elsclient - INFO - Module loaded.
2025-03-16 17:23:41,817 - elsapy.utils - INFO - Module loaded.
2025-03-16 17:23:41,818 - elsapy.elssearch - INFO - Module loaded.
2025-03-16 17:23:41,820 - elsapy.elsentity - INFO - Module loaded.
2025-03-16 17:23:41,821 - elsapy.elsdoc - INFO - Module loaded.
2025-03-16 17:24:04,221 - elsapy.elsclient - INFO - Module loaded.
2025-03-16 17:24:04,846 - elsapy.utils - INFO - Module loaded.
2025-03-16 17:24:04,847 - elsapy.elssearch - INFO - Module loaded.
2025-03-16 17:24:04,849 - elsapy.elsentity - INFO - Module loaded.
2025-03-16 17:24:04,850 - elsapy.elsdoc - INFO - Module loaded.
2025-03-16 17:25:01,817 - elsapy.elsclient - INFO - Module loaded.
2025-03-16 17:25:02,436 - elsapy.utils - INFO - Module loaded.
2025-03-16 17:25:02,436 - elsapy.elssearch - INFO - Module loaded.
2025-03-16 17:25:02,439 - elsapy.elsentity - INFO - Module loaded.
2025-03-16 17:25:02,439 - elsapy.elsdoc - INFO - Module loaded.
2025-03-16 17:25:52,362 - elsapy.elsclient - INFO - Module loaded.
2025-03-16 17:25:52,948 - elsapy.utils - INFO - Module loaded.
2025-03-16 17:25:52,948 - elsapy.elssearch - INFO - Module loaded.
2025-03-16 17:25:52,950 - elsapy.elsentity - INFO - Module loaded.
2025-03-16 17:25:52,951 - elsapy.elsdoc - INFO - Module loaded.
2025-03-16 17:26:42,040 - elsapy.elsclient - INFO - Module loaded.
2025-03-16 17:26:42,839 - elsapy.utils - INFO - Module loaded.
2025-03-16 17:26:42,839 - elsapy.elssearch - INFO - Module loaded.
2025-03-16 17:26:42,842 - elsapy.elsentity - INFO - Module loaded.
2025-03-16 17:26:42,842 - elsapy.elsdoc - INFO - Module loaded.
2025-03-16 17:28:29,265 - elsapy.elsclient - INFO - Module loaded.
2025-03-16 17:28:29,894 - elsapy.utils - INFO - Module loaded.
2025-03-16 17:28:29,894 - elsapy.elssearch - INFO - Module loaded.
2025-03-16 17:28:29,898 - elsapy.elsentity - INFO - Module loaded.
2025-03-16 17:28:29,898 - elsapy.elsdoc - INFO - Module loaded.
2025-03-16 17:28:48,118 - elsapy.elsclient - INFO - Module loaded.
2025-03-16 17:28:48,736 - elsapy.utils - INFO - Module loaded.
2025-03-16 17:28:48,736 - elsapy.elssearch - INFO - Module loaded.
2025-03-16 17:28:48,739 - elsapy.elsentity - INFO - Module loaded.
2025-03-16 17:28:48,739 - elsapy.elsdoc - INFO - Module loaded.
2025-03-16 17:29:10,933 - elsapy.elsclient - INFO - Module loaded.
2025-03-16 17:29:11,553 - elsapy.utils - INFO - Module loaded.
2025-03-16 17:29:11,553 - elsapy.elssearch - INFO - Module loaded.
2025-03-16 17:29:11,556 - elsapy.elsentity - INFO - Module loaded.
2025-03-16 17:29:11,556 - elsapy.elsdoc - INFO - Module loaded.
2025-03-16 17:29:49,588 - elsapy.elsclient - INFO - Module loaded.
2025-03-16 17:29:50,204 - elsapy.utils - INFO - Module loaded.
2025-03-16 17:29:50,204 - elsapy.elssearch - INFO - Module loaded.
2025-03-16 17:29:50,207 - elsapy.elsentity - INFO - Module loaded.
2025-03-16 17:29:50,207 - elsapy.elsdoc - INFO - Module loaded.
2025-03-16 17:30:07,184 - elsapy.elsclient - INFO - Sending GET request to https://api.elsevier.com/content/search/scopus?query=Quantum-Enhanced+Support+Vector+Machine+for+Large-Scale+Stellar+Classification
2025-03-16 17:30:09,332 - elsapy.utils - INFO - Converting prism:coverDate
2025-03-16 17:31:37,934 - elsapy.elsclient - INFO - Module loaded.
2025-03-16 17:31:38,825 - elsapy.utils - INFO - Module loaded.
2025-03-16 17:31:38,825 - elsapy.elssearch - INFO - Module loaded.
2025-03-16 17:31:38,828 - elsapy.elsentity - INFO - Module loaded.
2025-03-16 17:31:38,829 - elsapy.elsdoc - INFO - Module loaded.
2025-03-16 17:31:43,999 - elsapy.elsclient - INFO - Sending GET request to https://api.elsevier.com/content/search/scopus?query=Quantum-Enhanced+Support+Vector+Machine+for+Large-Scale+Stellar+Classification
2025-03-16 17:31:45,125 - elsapy.utils - INFO - Converting prism:coverDate
2025-03-16 17:33:41,732 - elsapy.elsclient - INFO - Module loaded.
2025-03-16 17:33:42,391 - elsapy.utils - INFO - Module loaded.
2025-03-16 17:33:42,392 - elsapy.elssearch - INFO - Module loaded.
2025-03-16 17:33:42,395 - elsapy.elsentity - INFO - Module loaded.
2025-03-16 17:33:42,395 - elsapy.elsdoc - INFO - Module loaded.
2025-03-16 17:35:34,163 - elsapy.elsclient - INFO - Module loaded.
2025-03-16 17:35:34,856 - elsapy.utils - INFO - Module loaded.
2025-03-16 17:35:34,856 - elsapy.elssearch - INFO - Module loaded.
2025-03-16 17:35:34,858 - elsapy.elsentity - INFO - Module loaded.
2025-03-16 17:35:34,859 - elsapy.elsdoc - INFO - Module loaded.
2025-03-16 17:35:53,116 - elsapy.elsclient - INFO - Module loaded.
2025-03-16 17:35:54,153 - elsapy.utils - INFO - Module loaded.
2025-03-16 17:35:54,155 - elsapy.elssearch - INFO - Module loaded.
2025-03-16 17:35:54,165 - elsapy.elsentity - INFO - Module loaded.
2025-03-16 17:35:54,166 - elsapy.elsdoc - INFO - Module loaded.
2025-03-16 17:35:59,429 - elsapy.elsclient - INFO - Module loaded.
2025-03-16 17:36:00,103 - elsapy.utils - INFO - Module loaded.
2025-03-16 17:36:00,103 - elsapy.elssearch - INFO - Module loaded.
2025-03-16 17:36:00,106 - elsapy.elsentity - INFO - Module loaded.
2025-03-16 17:36:00,106 - elsapy.elsdoc - INFO - Module loaded.
2025-03-16 17:39:19,573 - elsapy.elsclient - INFO - Module loaded.
2025-03-16 17:39:20,447 - elsapy.utils - INFO - Module loaded.
2025-03-16 17:39:20,447 - elsapy.elssearch - INFO - Module loaded.
2025-03-16 17:39:20,451 - elsapy.elsentity - INFO - Module loaded.
2025-03-16 17:39:20,452 - elsapy.elsdoc - INFO - Module loaded.
2025-03-16 17:39:27,194 - elsapy.elsclient - INFO - Module loaded.
2025-03-16 17:39:27,852 - elsapy.utils - INFO - Module loaded.
2025-03-16 17:39:27,853 - elsapy.elssearch - INFO - Module loaded.
2025-03-16 17:39:27,855 - elsapy.elsentity - INFO - Module loaded.
2025-03-16 17:39:27,855 - elsapy.elsdoc - INFO - Module loaded.
2025-03-16 17:40:21,933 - elsapy.elsclient - INFO - Module loaded.
2025-03-16 17:40:22,583 - elsapy.utils - INFO - Module loaded.
2025-03-16 17:40:22,584 - elsapy.elssearch - INFO - Module loaded.
2025-03-16 17:40:22,589 - elsapy.elsentity - INFO - Module loaded.
2025-03-16 17:40:22,590 - elsapy.elsdoc - INFO - Module loaded.
2025-03-16 17:40:28,179 - elsapy.elsclient - INFO - Sending GET request to https://api.elsevier.com/content/search/scopus?query=Quantum-Enhanced+Support+Vector+Machine+for+Large-Scale+Stellar+Classification
2025-03-16 17:40:30,388 - elsapy.utils - INFO - Converting prism:coverDate
2025-03-16 17:41:49,828 - elsapy.elsclient - INFO - Module loaded.
2025-03-16 17:41:51,193 - elsapy.utils - INFO - Module loaded.
2025-03-16 17:41:51,193 - elsapy.elssearch - INFO - Module loaded.
2025-03-16 17:41:51,198 - elsapy.elsentity - INFO - Module loaded.
2025-03-16 17:41:51,198 - elsapy.elsdoc - INFO - Module loaded.
2025-03-16 17:44:07,887 - elsapy.elsclient - INFO - Sending GET request to https://api.elsevier.com/content/search/scopus?query=Quantum-Enhanced+Support+Vector+Machine+for+Large-Scale+Stellar+Classification
2025-03-16 17:44:09,735 - elsapy.utils - INFO - Converting prism:coverDate
2025-03-16 17:49:46,155 - elsapy.elsclient - INFO - Module loaded.
2025-03-16 17:49:46,958 - elsapy.utils - INFO - Module loaded.
2025-03-16 17:49:46,958 - elsapy.elssearch - INFO - Module loaded.
2025-03-16 17:49:46,962 - elsapy.elsentity - INFO - Module loaded.
2025-03-16 17:49:46,962 - elsapy.elsdoc - INFO - Module loaded.
2025-03-16 17:50:07,088 - elsapy.elsclient - INFO - Module loaded.
2025-03-16 17:50:07,849 - elsapy.utils - INFO - Module loaded.
2025-03-16 17:50:07,849 - elsapy.elssearch - INFO - Module loaded.
2025-03-16 17:50:07,852 - elsapy.elsentity - INFO - Module loaded.
2025-03-16 17:50:07,852 - elsapy.elsdoc - INFO - Module loaded.
2025-03-16 17:50:11,308 - elsapy.elsclient - INFO - Module loaded.
2025-03-16 17:50:11,944 - elsapy.utils - INFO - Module loaded.
2025-03-16 17:50:11,944 - elsapy.elssearch - INFO - Module loaded.
2025-03-16 17:50:11,947 - elsapy.elsentity - INFO - Module loaded.
2025-03-16 17:50:11,948 - elsapy.elsdoc - INFO - Module loaded.
2025-03-16 17:50:20,392 - elsapy.elsclient - INFO - Module loaded.
2025-03-16 17:50:21,077 - elsapy.utils - INFO - Module loaded.
2025-03-16 17:50:21,077 - elsapy.elssearch - INFO - Module loaded.
2025-03-16 17:50:21,080 - elsapy.elsentity - INFO - Module loaded.
2025-03-16 17:50:21,080 - elsapy.elsdoc - INFO - Module loaded.
2025-03-16 17:50:26,062 - elsapy.elsclient - INFO - Sending GET request to https://api.elsevier.com/content/search/scopus?query=Quantum-Enhanced+Support+Vector+Machine+for+Large-Scale+Stellar+Classification
2025-03-16 17:50:28,259 - elsapy.utils - INFO - Converting prism:coverDate
2025-03-16 17:52:47,403 - elsapy.elsclient - INFO - Module loaded.
2025-03-16 17:52:48,214 - elsapy.utils - INFO - Module loaded.
2025-03-16 17:52:48,214 - elsapy.elssearch - INFO - Module loaded.
2025-03-16 17:52:48,217 - elsapy.elsentity - INFO - Module loaded.
2025-03-16 17:52:48,219 - elsapy.elsdoc - INFO - Module loaded.
2025-03-16 17:52:53,392 - elsapy.elsclient - INFO - Sending GET request to https://api.elsevier.com/content/search/scopus?query=Quantum-Enhanced+Support+Vector+Machine+for+Large-Scale+Stellar+Classification
2025-03-16 17:52:54,473 - elsapy.utils - INFO - Converting prism:coverDate
2025-03-16 17:52:55,469 - elsapy.elsclient - INFO - Sending GET request to https://api.elsevier.com/content/abstract/scopus_id/85218638531
2025-03-16 17:52:56,750 - elsapy.elsentity - INFO - Data loaded for https://api.elsevier.com/content/abstract/scopus_id/85218638531
2025-03-16 17:53:01,966 - elsapy.elsclient - INFO - Sending GET request to https://api.elsevier.com/content/abstract/scopus_id/85218484108
2025-03-16 17:53:03,467 - elsapy.elsentity - INFO - Data loaded for https://api.elsevier.com/content/abstract/scopus_id/85218484108
2025-03-16 17:53:08,738 - elsapy.elsclient - INFO - Sending GET request to https://api.elsevier.com/content/abstract/scopus_id/85209730822
2025-03-16 17:53:09,383 - elsapy.elsentity - INFO - Data loaded for https://api.elsevier.com/content/abstract/scopus_id/85209730822
2025-03-16 17:53:14,454 - elsapy.elsclient - INFO - Sending GET request to https://api.elsevier.com/content/abstract/scopus_id/85217695831
2025-03-16 17:53:15,984 - elsapy.elsentity - INFO - Data loaded for https://api.elsevier.com/content/abstract/scopus_id/85217695831
2025-03-16 17:53:21,061 - elsapy.elsclient - INFO - Sending GET request to https://api.elsevier.com/content/abstract/scopus_id/85217179233
2025-03-16 17:53:22,440 - elsapy.elsentity - INFO - Data loaded for https://api.elsevier.com/content/abstract/scopus_id/85217179233
2025-03-16 17:53:27,520 - elsapy.elsclient - INFO - Sending GET request to https://api.elsevier.com/content/abstract/scopus_id/85217172088
2025-03-16 17:53:29,000 - elsapy.elsentity - INFO - Data loaded for https://api.elsevier.com/content/abstract/scopus_id/85217172088
2025-03-16 17:53:34,076 - elsapy.elsclient - INFO - Sending GET request to https://api.elsevier.com/content/abstract/scopus_id/85216282525
2025-03-16 17:53:35,491 - elsapy.elsentity - INFO - Data loaded for https://api.elsevier.com/content/abstract/scopus_id/85216282525
2025-03-16 17:53:40,561 - elsapy.elsclient - INFO - Sending GET request to https://api.elsevier.com/content/abstract/scopus_id/85204656794
2025-03-16 17:53:41,925 - elsapy.elsentity - INFO - Data loaded for https://api.elsevier.com/content/abstract/scopus_id/85204656794
2025-03-16 17:53:46,994 - elsapy.elsclient - INFO - Sending GET request to https://api.elsevier.com/content/abstract/scopus_id/85203675730
2025-03-16 17:53:48,253 - elsapy.elsentity - INFO - Data loaded for https://api.elsevier.com/content/abstract/scopus_id/85203675730
2025-03-16 17:53:53,329 - elsapy.elsclient - INFO - Sending GET request to https://api.elsevier.com/content/abstract/scopus_id/85201086278
2025-03-16 17:53:54,743 - elsapy.elsentity - INFO - Data loaded for https://api.elsevier.com/content/abstract/scopus_id/85201086278
2025-03-16 19:01:08,031 - elsapy.elsclient - INFO - Module loaded.
2025-03-16 19:01:09,055 - elsapy.utils - INFO - Module loaded.
2025-03-16 19:01:09,055 - elsapy.elssearch - INFO - Module loaded.
2025-03-16 19:01:09,058 - elsapy.elsentity - INFO - Module loaded.
2025-03-16 19:01:09,058 - elsapy.elsdoc - INFO - Module loaded.
2025-03-16 19:05:59,706 - elsapy.elsclient - INFO - Module loaded.
2025-03-16 19:06:00,715 - elsapy.utils - INFO - Module loaded.
2025-03-16 19:06:00,716 - elsapy.elssearch - INFO - Module loaded.
2025-03-16 19:06:00,720 - elsapy.elsentity - INFO - Module loaded.
2025-03-16 19:06:00,721 - elsapy.elsdoc - INFO - Module loaded.
2025-03-16 19:07:05,976 - elsapy.elsclient - INFO - Sending GET request to https://api.elsevier.com/content/search/scopus?query=Quantum-Enhanced+Support+Vector+Machine+for+Large-Scale+Stellar+Classification+with+GPU+Acceleration
2025-03-16 19:07:07,231 - elsapy.utils - INFO - Converting prism:coverDate
2025-03-16 19:07:08,212 - elsapy.elsclient - INFO - Sending GET request to https://api.elsevier.com/content/abstract/scopus_id/85218638531
2025-03-16 19:07:09,134 - elsapy.elsentity - INFO - Data loaded for https://api.elsevier.com/content/abstract/scopus_id/85218638531
2025-03-16 19:09:16,686 - elsapy.elsclient - INFO - Module loaded.
2025-03-16 19:09:17,598 - elsapy.utils - INFO - Module loaded.
2025-03-16 19:09:17,599 - elsapy.elssearch - INFO - Module loaded.
2025-03-16 19:09:17,602 - elsapy.elsentity - INFO - Module loaded.
2025-03-16 19:09:17,604 - elsapy.elsdoc - INFO - Module loaded.
2025-03-16 19:09:23,508 - elsapy.elsclient - INFO - Sending GET request to https://api.elsevier.com/content/search/scopus?query=Quantum-Enhanced+Support+Vector+Machine+for+Large-Scale+Stellar+Classification+with+GPU+Acceleration
2025-03-16 19:09:24,363 - elsapy.utils - INFO - Converting prism:coverDate
2025-03-16 19:09:25,361 - elsapy.elsclient - INFO - Sending GET request to https://api.elsevier.com/content/abstract/scopus_id/85218638531
2025-03-16 19:09:26,257 - elsapy.elsentity - INFO - Data loaded for https://api.elsevier.com/content/abstract/scopus_id/85218638531
2025-03-16 19:10:14,397 - elsapy.elsclient - INFO - Module loaded.
2025-03-16 19:10:15,040 - elsapy.utils - INFO - Module loaded.
2025-03-16 19:10:15,041 - elsapy.elssearch - INFO - Module loaded.
2025-03-16 19:10:15,044 - elsapy.elsentity - INFO - Module loaded.
2025-03-16 19:10:15,046 - elsapy.elsdoc - INFO - Module loaded.
2025-03-16 19:10:19,761 - elsapy.elsclient - INFO - Sending GET request to https://api.elsevier.com/content/search/scopus?query=Quantum-Enhanced+Support+Vector+Machine+for+Large-Scale+Stellar+Classification+with+GPU+Acceleration
2025-03-16 19:10:20,941 - elsapy.utils - INFO - Converting prism:coverDate
2025-03-16 19:10:21,938 - elsapy.elsclient - INFO - Sending GET request to https://api.elsevier.com/content/abstract/scopus_id/85218638531
2025-03-16 19:10:22,723 - elsapy.elsentity - INFO - Data loaded for https://api.elsevier.com/content/abstract/scopus_id/85218638531
2025-03-16 19:11:00,154 - elsapy.elsclient - INFO - Module loaded.
2025-03-16 19:11:00,796 - elsapy.utils - INFO - Module loaded.
2025-03-16 19:11:00,797 - elsapy.elssearch - INFO - Module loaded.
2025-03-16 19:11:00,800 - elsapy.elsentity - INFO - Module loaded.
2025-03-16 19:11:00,801 - elsapy.elsdoc - INFO - Module loaded.
2025-03-16 19:11:05,506 - elsapy.elsclient - INFO - Sending GET request to https://api.elsevier.com/content/search/scopus?query=Quantum-Enhanced+Support+Vector+Machine+for+Large-Scale+Stellar+Classification+with+GPU+Acceleration
2025-03-16 19:11:06,387 - elsapy.utils - INFO - Converting prism:coverDate
2025-03-16 19:11:07,384 - elsapy.elsclient - INFO - Sending GET request to https://api.elsevier.com/content/abstract/scopus_id/85218638531
2025-03-16 19:11:08,157 - elsapy.elsentity - INFO - Data loaded for https://api.elsevier.com/content/abstract/scopus_id/85218638531
2025-03-16 19:12:07,221 - elsapy.elsclient - INFO - Module loaded.
2025-03-16 19:12:07,817 - elsapy.utils - INFO - Module loaded.
2025-03-16 19:12:07,817 - elsapy.elssearch - INFO - Module loaded.
2025-03-16 19:12:07,820 - elsapy.elsentity - INFO - Module loaded.
2025-03-16 19:12:07,821 - elsapy.elsdoc - INFO - Module loaded.
2025-03-16 19:12:12,665 - elsapy.elsclient - INFO - Sending GET request to https://api.elsevier.com/content/search/scopus?query=Quantum-Enhanced+Support+Vector+Machine+for+Large-Scale+Stellar+Classification+with+GPU+Acceleration
2025-03-16 19:12:13,935 - elsapy.utils - INFO - Converting prism:coverDate
2025-03-16 19:12:14,933 - elsapy.elsclient - INFO - Sending GET request to https://api.elsevier.com/content/abstract/scopus_id/85218638531
2025-03-16 19:12:15,631 - elsapy.elsentity - INFO - Data loaded for https://api.elsevier.com/content/abstract/scopus_id/85218638531
2025-03-16 19:13:30,632 - elsapy.elsclient - INFO - Module loaded.
2025-03-16 19:13:31,277 - elsapy.utils - INFO - Module loaded.
2025-03-16 19:13:31,278 - elsapy.elssearch - INFO - Module loaded.
2025-03-16 19:13:31,280 - elsapy.elsentity - INFO - Module loaded.
2025-03-16 19:13:31,281 - elsapy.elsdoc - INFO - Module loaded.
2025-03-16 19:13:53,551 - elsapy.elsclient - INFO - Sending GET request to https://api.elsevier.com/content/search/scopus?query=Quantum-Enhanced+Support+Vector+Machine+for+Large-Scale+Stellar+Classification+with+GPU+Acceleration
2025-03-16 19:13:54,337 - elsapy.utils - INFO - Converting prism:coverDate
2025-03-16 19:13:55,325 - elsapy.elsclient - INFO - Sending GET request to https://api.elsevier.com/content/abstract/scopus_id/85218638531
2025-03-16 19:13:56,094 - elsapy.elsentity - INFO - Data loaded for https://api.elsevier.com/content/abstract/scopus_id/85218638531
2025-03-16 19:18:17,206 - elsapy.elsclient - INFO - Sending GET request to https://api.elsevier.com/content/search/scopus?query=Quantum-Enhanced+Support+Vector+Machine+for+Large-Scale+Stellar+Classification+with+GPU+Acceleration
2025-03-16 19:18:18,313 - elsapy.utils - INFO - Converting prism:coverDate
2025-03-16 19:18:19,312 - elsapy.elsclient - INFO - Sending GET request to https://api.elsevier.com/content/abstract/scopus_id/85218638531
2025-03-16 19:18:20,361 - elsapy.elsentity - INFO - Data loaded for https://api.elsevier.com/content/abstract/scopus_id/85218638531
2025-03-16 19:18:46,193 - elsapy.elsclient - INFO - Sending GET request to https://api.elsevier.com/content/search/scopus?query=Quantum-Enhanced+Support+Vector+Machine+for+Large-Scale+Stellar+Classification+with+GPU+Acceleration
2025-03-16 19:18:47,283 - elsapy.utils - INFO - Converting prism:coverDate
2025-03-16 19:18:48,281 - elsapy.elsclient - INFO - Sending GET request to https://api.elsevier.com/content/abstract/scopus_id/85218638531
2025-03-16 19:18:49,042 - elsapy.elsentity - INFO - Data loaded for https://api.elsevier.com/content/abstract/scopus_id/85218638531
2025-03-16 19:21:11,411 - elsapy.elsclient - INFO - Sending GET request to https://api.elsevier.com/content/search/scopus?query=Quantum-Enhanced+Support+Vector+Machine+for+Large-Scale+Stellar+Classification+with+GPU+Acceleration
2025-03-16 19:21:12,269 - elsapy.utils - INFO - Converting prism:coverDate
2025-03-16 19:21:13,266 - elsapy.elsclient - INFO - Sending GET request to https://api.elsevier.com/content/abstract/scopus_id/85218638531
2025-03-16 19:21:13,970 - elsapy.elsentity - INFO - Data loaded for https://api.elsevier.com/content/abstract/scopus_id/85218638531
2025-03-16 19:21:54,144 - elsapy.elsclient - INFO - Sending GET request to https://api.elsevier.com/content/search/scopus?query=Quantum-Enhanced+Support+Vector+Machine+for+Large-Scale+Stellar+Classification+with+GPU+Acceleration
2025-03-16 19:21:54,944 - elsapy.utils - INFO - Converting prism:coverDate
2025-03-16 19:21:55,941 - elsapy.elsclient - INFO - Sending GET request to https://api.elsevier.com/content/abstract/scopus_id/85218638531
2025-03-16 19:21:56,697 - elsapy.elsentity - INFO - Data loaded for https://api.elsevier.com/content/abstract/scopus_id/85218638531
2025-03-16 19:31:34,682 - elsapy.elsclient - INFO - Sending GET request to https://api.elsevier.com/content/search/scopus?query=Quantum-Enhanced+Support+Vector+Machine+for+Large-Scale+Stellar+Classification+with+GPU+Acceleration
2025-03-16 19:31:35,760 - elsapy.utils - INFO - Converting prism:coverDate
2025-03-16 19:31:36,757 - elsapy.elsclient - INFO - Sending GET request to https://api.elsevier.com/content/abstract/scopus_id/85218638531
2025-03-16 19:31:37,476 - elsapy.elsentity - INFO - Data loaded for https://api.elsevier.com/content/abstract/scopus_id/85218638531
2025-03-16 19:35:34,309 - elsapy.elsclient - INFO - Sending GET request to https://api.elsevier.com/content/search/scopus?query=Quantum-Enhanced+Support+Vector+Machine+for+Large-Scale+Stellar+Classification+with+GPU+Acceleration
2025-03-16 19:35:35,191 - elsapy.utils - INFO - Converting prism:coverDate
2025-03-16 19:35:36,186 - elsapy.elsclient - INFO - Sending GET request to https://api.elsevier.com/content/abstract/scopus_id/85218638531
2025-03-16 19:35:37,122 - elsapy.elsentity - INFO - Data loaded for https://api.elsevier.com/content/abstract/scopus_id/85218638531
2025-03-16 19:35:53,735 - elsapy.elsclient - INFO - Module loaded.
2025-03-16 19:35:54,637 - elsapy.utils - INFO - Module loaded.
2025-03-16 19:35:54,638 - elsapy.elssearch - INFO - Module loaded.
2025-03-16 19:35:54,641 - elsapy.elsentity - INFO - Module loaded.
2025-03-16 19:35:54,641 - elsapy.elsdoc - INFO - Module loaded.
2025-03-16 19:36:06,180 - elsapy.elsclient - INFO - Module loaded.
2025-03-16 19:36:06,884 - elsapy.utils - INFO - Module loaded.
2025-03-16 19:36:06,885 - elsapy.elssearch - INFO - Module loaded.
2025-03-16 19:36:06,886 - elsapy.elsentity - INFO - Module loaded.
2025-03-16 19:36:06,887 - elsapy.elsdoc - INFO - Module loaded.
2025-03-16 19:37:05,292 - elsapy.elsclient - INFO - Sending GET request to https://api.elsevier.com/content/search/scopus?query=Quantum-Enhanced+Support+Vector+Machine+for+Large-Scale+Stellar+Classification+with+GPU+Acceleration
2025-03-16 19:37:06,171 - elsapy.utils - INFO - Converting prism:coverDate
2025-03-16 19:37:07,161 - elsapy.elsclient - INFO - Sending GET request to https://api.elsevier.com/content/abstract/scopus_id/85218638531
2025-03-16 19:37:07,908 - elsapy.elsentity - INFO - Data loaded for https://api.elsevier.com/content/abstract/scopus_id/85218638531
2025-03-16 19:38:55,627 - elsapy.elsclient - INFO - Sending GET request to https://api.elsevier.com/content/search/scopus?query=Quantum-Enhanced+Support+Vector+Machine+for+Large-Scale+Stellar+Classification+with+GPU+Acceleration
2025-03-16 19:38:56,562 - elsapy.utils - INFO - Converting prism:coverDate
2025-03-16 19:38:57,557 - elsapy.elsclient - INFO - Sending GET request to https://api.elsevier.com/content/abstract/scopus_id/85218638531
2025-03-16 19:38:58,369 - elsapy.elsentity - INFO - Data loaded for https://api.elsevier.com/content/abstract/scopus_id/85218638531
2025-03-16 19:42:54,541 - elsapy.elsclient - INFO - Module loaded.
2025-03-16 19:42:59,528 - elsapy.utils - INFO - Module loaded.
2025-03-16 19:42:59,529 - elsapy.elssearch - INFO - Module loaded.
2025-03-16 19:42:59,531 - elsapy.elsentity - INFO - Module loaded.
2025-03-16 19:42:59,533 - elsapy.elsdoc - INFO - Module loaded.
2025-03-16 19:44:37,018 - elsapy.elsclient - INFO - Sending GET request to https://api.elsevier.com/content/search/scopus?query=Quantum-Enhanced+Support+Vector+Machine+for+Large-Scale+Stellar+Classification+with+GPU+Acceleration
2025-03-16 19:44:38,254 - elsapy.utils - INFO - Converting prism:coverDate
2025-03-16 19:44:39,232 - elsapy.elsclient - INFO - Sending GET request to https://api.elsevier.com/content/abstract/scopus_id/85218638531
2025-03-16 19:44:39,913 - elsapy.elsentity - INFO - Data loaded for https://api.elsevier.com/content/abstract/scopus_id/85218638531
2025-03-16 19:44:45,564 - elsapy.elsclient - INFO - Sending GET request to https://api.elsevier.com/content/abstract/scopus_id/85218484108
2025-03-16 19:44:46,251 - elsapy.elsentity - INFO - Data loaded for https://api.elsevier.com/content/abstract/scopus_id/85218484108
2025-03-16 19:44:51,858 - elsapy.elsclient - INFO - Sending GET request to https://api.elsevier.com/content/abstract/scopus_id/85217695831
2025-03-16 19:44:52,530 - elsapy.elsentity - INFO - Data loaded for https://api.elsevier.com/content/abstract/scopus_id/85217695831
2025-03-16 19:44:58,122 - elsapy.elsclient - INFO - Sending GET request to https://api.elsevier.com/content/abstract/scopus_id/85217179233
2025-03-16 19:44:58,772 - elsapy.elsentity - INFO - Data loaded for https://api.elsevier.com/content/abstract/scopus_id/85217179233
2025-03-16 19:45:04,256 - elsapy.elsclient - INFO - Sending GET request to https://api.elsevier.com/content/abstract/scopus_id/85217172088
2025-03-16 19:45:04,892 - elsapy.elsentity - INFO - Data loaded for https://api.elsevier.com/content/abstract/scopus_id/85217172088
2025-03-16 19:45:10,458 - elsapy.elsclient - INFO - Sending GET request to https://api.elsevier.com/content/abstract/scopus_id/85204656794
2025-03-16 19:45:11,221 - elsapy.elsentity - INFO - Data loaded for https://api.elsevier.com/content/abstract/scopus_id/85204656794
2025-03-16 19:45:16,686 - elsapy.elsclient - INFO - Sending GET request to https://api.elsevier.com/content/abstract/scopus_id/85203675730
2025-03-16 19:45:17,334 - elsapy.elsentity - INFO - Data loaded for https://api.elsevier.com/content/abstract/scopus_id/85203675730
2025-03-16 19:45:22,839 - elsapy.elsclient - INFO - Sending GET request to https://api.elsevier.com/content/abstract/scopus_id/85201086278
2025-03-16 19:45:23,700 - elsapy.elsentity - INFO - Data loaded for https://api.elsevier.com/content/abstract/scopus_id/85201086278
2025-03-16 19:47:20,172 - elsapy.elsclient - INFO - Module loaded.
2025-03-16 19:47:20,946 - elsapy.utils - INFO - Module loaded.
2025-03-16 19:47:20,946 - elsapy.elssearch - INFO - Module loaded.
2025-03-16 19:47:20,950 - elsapy.elsentity - INFO - Module loaded.
2025-03-16 19:47:20,950 - elsapy.elsdoc - INFO - Module loaded.
2025-03-16 19:47:26,267 - elsapy.elsclient - INFO - Sending GET request to https://api.elsevier.com/content/search/scopus?query=Quantum-Enhanced+Support+Vector+Machine+for+Large-Scale+Stellar+Classification+with+GPU+Acceleration
2025-03-16 19:47:27,056 - elsapy.utils - INFO - Converting prism:coverDate
2025-03-16 19:47:28,054 - elsapy.elsclient - INFO - Sending GET request to https://api.elsevier.com/content/abstract/scopus_id/85218638531
2025-03-16 19:47:28,861 - elsapy.elsentity - INFO - Data loaded for https://api.elsevier.com/content/abstract/scopus_id/85218638531
2025-03-16 19:47:34,522 - elsapy.elsclient - INFO - Sending GET request to https://api.elsevier.com/content/abstract/scopus_id/85218484108
2025-03-16 19:47:35,219 - elsapy.elsentity - INFO - Data loaded for https://api.elsevier.com/content/abstract/scopus_id/85218484108
2025-03-16 19:47:40,781 - elsapy.elsclient - INFO - Sending GET request to https://api.elsevier.com/content/abstract/scopus_id/85217695831
2025-03-16 19:47:41,574 - elsapy.elsentity - INFO - Data loaded for https://api.elsevier.com/content/abstract/scopus_id/85217695831
2025-03-16 19:47:48,469 - elsapy.elsclient - INFO - Sending GET request to https://api.elsevier.com/content/abstract/scopus_id/85217179233
2025-03-16 19:47:49,120 - elsapy.elsentity - INFO - Data loaded for https://api.elsevier.com/content/abstract/scopus_id/85217179233
2025-03-16 19:47:54,658 - elsapy.elsclient - INFO - Sending GET request to https://api.elsevier.com/content/abstract/scopus_id/85217172088
2025-03-16 19:47:55,462 - elsapy.elsentity - INFO - Data loaded for https://api.elsevier.com/content/abstract/scopus_id/85217172088
2025-03-16 19:48:01,107 - elsapy.elsclient - INFO - Sending GET request to https://api.elsevier.com/content/abstract/scopus_id/85204656794
2025-03-16 19:48:01,776 - elsapy.elsentity - INFO - Data loaded for https://api.elsevier.com/content/abstract/scopus_id/85204656794
2025-03-16 19:48:07,498 - elsapy.elsclient - INFO - Sending GET request to https://api.elsevier.com/content/abstract/scopus_id/85203675730
2025-03-16 19:48:08,148 - elsapy.elsentity - INFO - Data loaded for https://api.elsevier.com/content/abstract/scopus_id/85203675730
2025-03-16 19:48:13,614 - elsapy.elsclient - INFO - Sending GET request to https://api.elsevier.com/content/abstract/scopus_id/85201086278
2025-03-16 19:48:14,299 - elsapy.elsentity - INFO - Data loaded for https://api.elsevier.com/content/abstract/scopus_id/85201086278
2025-03-16 19:49:35,256 - elsapy.elsclient - INFO - Module loaded.
2025-03-16 19:49:36,064 - elsapy.utils - INFO - Module loaded.
2025-03-16 19:49:36,064 - elsapy.elssearch - INFO - Module loaded.
2025-03-16 19:49:36,067 - elsapy.elsentity - INFO - Module loaded.
2025-03-16 19:49:36,068 - elsapy.elsdoc - INFO - Module loaded.
2025-03-16 19:49:40,936 - elsapy.elsclient - INFO - Sending GET request to https://api.elsevier.com/content/search/scopus?query=Quantum-Enhanced+Support+Vector+Machine+for+Large-Scale+Stellar+Classification+with+GPU+Acceleration
2025-03-16 19:49:41,834 - elsapy.utils - INFO - Converting prism:coverDate
2025-03-16 19:49:42,832 - elsapy.elsclient - INFO - Sending GET request to https://api.elsevier.com/content/abstract/scopus_id/85218638531
2025-03-16 19:49:43,498 - elsapy.elsentity - INFO - Data loaded for https://api.elsevier.com/content/abstract/scopus_id/85218638531
2025-03-16 19:49:49,303 - elsapy.elsclient - INFO - Sending GET request to https://api.elsevier.com/content/abstract/scopus_id/85218484108
2025-03-16 19:49:50,138 - elsapy.elsentity - INFO - Data loaded for https://api.elsevier.com/content/abstract/scopus_id/85218484108
2025-03-16 19:49:55,785 - elsapy.elsclient - INFO - Sending GET request to https://api.elsevier.com/content/abstract/scopus_id/85217695831
2025-03-16 19:49:57,626 - elsapy.elsentity - INFO - Data loaded for https://api.elsevier.com/content/abstract/scopus_id/85217695831
2025-03-16 19:50:03,827 - elsapy.elsclient - INFO - Sending GET request to https://api.elsevier.com/content/abstract/scopus_id/85217179233
2025-03-16 19:50:04,670 - elsapy.elsentity - INFO - Data loaded for https://api.elsevier.com/content/abstract/scopus_id/85217179233
2025-03-16 19:50:10,129 - elsapy.elsclient - INFO - Sending GET request to https://api.elsevier.com/content/abstract/scopus_id/85217172088
2025-03-16 19:50:10,912 - elsapy.elsentity - INFO - Data loaded for https://api.elsevier.com/content/abstract/scopus_id/85217172088
2025-03-16 19:50:16,500 - elsapy.elsclient - INFO - Sending GET request to https://api.elsevier.com/content/abstract/scopus_id/85204656794
2025-03-16 19:50:17,274 - elsapy.elsentity - INFO - Data loaded for https://api.elsevier.com/content/abstract/scopus_id/85204656794
2025-03-16 19:50:22,993 - elsapy.elsclient - INFO - Sending GET request to https://api.elsevier.com/content/abstract/scopus_id/85203675730
2025-03-16 19:50:23,817 - elsapy.elsentity - INFO - Data loaded for https://api.elsevier.com/content/abstract/scopus_id/85203675730
2025-03-16 19:50:29,304 - elsapy.elsclient - INFO - Sending GET request to https://api.elsevier.com/content/abstract/scopus_id/85201086278
2025-03-16 19:50:30,351 - elsapy.elsentity - INFO - Data loaded for https://api.elsevier.com/content/abstract/scopus_id/85201086278
2025-03-16 19:54:16,728 - elsapy.elsclient - INFO - Module loaded.
2025-03-16 19:54:19,442 - elsapy.utils - INFO - Module loaded.
2025-03-16 19:54:19,442 - elsapy.elssearch - INFO - Module loaded.
2025-03-16 19:54:19,446 - elsapy.elsentity - INFO - Module loaded.
2025-03-16 19:54:19,446 - elsapy.elsdoc - INFO - Module loaded.
2025-03-16 19:54:30,642 - elsapy.elsclient - INFO - Sending GET request to https://api.elsevier.com/content/search/scopus?query=Quantum-Enhanced+Support+Vector+Machine+for+Large-Scale+Stellar+Classification+with+GPU+Acceleration
2025-03-16 19:54:31,630 - elsapy.utils - INFO - Converting prism:coverDate
2025-03-16 19:54:32,628 - elsapy.elsclient - INFO - Sending GET request to https://api.elsevier.com/content/abstract/scopus_id/85218638531
2025-03-16 19:54:33,319 - elsapy.elsentity - INFO - Data loaded for https://api.elsevier.com/content/abstract/scopus_id/85218638531
2025-03-16 19:54:39,009 - elsapy.elsclient - INFO - Sending GET request to https://api.elsevier.com/content/abstract/scopus_id/85218484108
2025-03-16 19:54:39,730 - elsapy.elsentity - INFO - Data loaded for https://api.elsevier.com/content/abstract/scopus_id/85218484108
2025-03-16 19:54:45,356 - elsapy.elsclient - INFO - Sending GET request to https://api.elsevier.com/content/abstract/scopus_id/85217695831
2025-03-16 19:54:46,388 - elsapy.elsentity - INFO - Data loaded for https://api.elsevier.com/content/abstract/scopus_id/85217695831
2025-03-16 19:54:52,067 - elsapy.elsclient - INFO - Sending GET request to https://api.elsevier.com/content/abstract/scopus_id/85217179233
2025-03-16 19:54:52,701 - elsapy.elsentity - INFO - Data loaded for https://api.elsevier.com/content/abstract/scopus_id/85217179233
2025-03-16 19:54:58,189 - elsapy.elsclient - INFO - Sending GET request to https://api.elsevier.com/content/abstract/scopus_id/85217172088
2025-03-16 19:54:58,912 - elsapy.elsentity - INFO - Data loaded for https://api.elsevier.com/content/abstract/scopus_id/85217172088
2025-03-16 19:55:04,544 - elsapy.elsclient - INFO - Sending GET request to https://api.elsevier.com/content/abstract/scopus_id/85204656794
2025-03-16 19:55:05,207 - elsapy.elsentity - INFO - Data loaded for https://api.elsevier.com/content/abstract/scopus_id/85204656794
2025-03-16 19:55:10,691 - elsapy.elsclient - INFO - Sending GET request to https://api.elsevier.com/content/abstract/scopus_id/85203675730
2025-03-16 19:55:11,501 - elsapy.elsentity - INFO - Data loaded for https://api.elsevier.com/content/abstract/scopus_id/85203675730
2025-03-16 19:55:16,960 - elsapy.elsclient - INFO - Sending GET request to https://api.elsevier.com/content/abstract/scopus_id/85201086278
2025-03-16 19:55:17,625 - elsapy.elsentity - INFO - Data loaded for https://api.elsevier.com/content/abstract/scopus_id/85201086278
2025-03-16 19:57:19,774 - elsapy.elsclient - INFO - Module loaded.
2025-03-16 19:57:20,552 - elsapy.utils - INFO - Module loaded.
2025-03-16 19:57:20,553 - elsapy.elssearch - INFO - Module loaded.
2025-03-16 19:57:20,555 - elsapy.elsentity - INFO - Module loaded.
2025-03-16 19:57:20,556 - elsapy.elsdoc - INFO - Module loaded.
2025-03-16 19:57:56,114 - elsapy.elsclient - INFO - Module loaded.
2025-03-16 19:57:56,763 - elsapy.utils - INFO - Module loaded.
2025-03-16 19:57:56,763 - elsapy.elssearch - INFO - Module loaded.
2025-03-16 19:57:56,765 - elsapy.elsentity - INFO - Module loaded.
2025-03-16 19:57:56,765 - elsapy.elsdoc - INFO - Module loaded.
2025-03-16 19:58:02,797 - elsapy.elsclient - INFO - Sending GET request to https://api.elsevier.com/content/search/scopus?query=Quantum-Enhanced+Support+Vector+Machine+for+Large-Scale+Stellar+Classification+with+GPU+Acceleration
2025-03-16 19:58:03,787 - elsapy.utils - INFO - Converting prism:coverDate
2025-03-16 19:58:04,782 - elsapy.elsclient - INFO - Sending GET request to https://api.elsevier.com/content/abstract/scopus_id/85218638531
2025-03-16 19:58:05,466 - elsapy.elsentity - INFO - Data loaded for https://api.elsevier.com/content/abstract/scopus_id/85218638531
2025-03-16 19:58:11,149 - elsapy.elsclient - INFO - Sending GET request to https://api.elsevier.com/content/abstract/scopus_id/85218484108
2025-03-16 19:58:12,585 - elsapy.elsentity - INFO - Data loaded for https://api.elsevier.com/content/abstract/scopus_id/85218484108
2025-03-16 19:58:18,074 - elsapy.elsclient - INFO - Sending GET request to https://api.elsevier.com/content/abstract/scopus_id/85217695831
2025-03-16 19:58:18,886 - elsapy.elsentity - INFO - Data loaded for https://api.elsevier.com/content/abstract/scopus_id/85217695831
2025-03-16 19:58:24,360 - elsapy.elsclient - INFO - Sending GET request to https://api.elsevier.com/content/abstract/scopus_id/85217179233
2025-03-16 19:58:25,150 - elsapy.elsentity - INFO - Data loaded for https://api.elsevier.com/content/abstract/scopus_id/85217179233
2025-03-16 19:58:30,611 - elsapy.elsclient - INFO - Sending GET request to https://api.elsevier.com/content/abstract/scopus_id/85217172088
2025-03-16 19:58:31,565 - elsapy.elsentity - INFO - Data loaded for https://api.elsevier.com/content/abstract/scopus_id/85217172088
2025-03-16 19:58:37,065 - elsapy.elsclient - INFO - Sending GET request to https://api.elsevier.com/content/abstract/scopus_id/85204656794
2025-03-16 19:58:37,734 - elsapy.elsentity - INFO - Data loaded for https://api.elsevier.com/content/abstract/scopus_id/85204656794
2025-03-16 19:58:43,332 - elsapy.elsclient - INFO - Sending GET request to https://api.elsevier.com/content/abstract/scopus_id/85203675730
2025-03-16 19:58:44,712 - elsapy.elsentity - INFO - Data loaded for https://api.elsevier.com/content/abstract/scopus_id/85203675730
2025-03-16 19:58:50,170 - elsapy.elsclient - INFO - Sending GET request to https://api.elsevier.com/content/abstract/scopus_id/85201086278
2025-03-16 19:58:50,873 - elsapy.elsentity - INFO - Data loaded for https://api.elsevier.com/content/abstract/scopus_id/85201086278
2025-03-16 20:04:32,844 - elsapy.elsclient - INFO - Module loaded.
2025-03-16 20:04:33,684 - elsapy.utils - INFO - Module loaded.
2025-03-16 20:04:33,684 - elsapy.elssearch - INFO - Module loaded.
2025-03-16 20:04:33,689 - elsapy.elsentity - INFO - Module loaded.
2025-03-16 20:04:33,689 - elsapy.elsdoc - INFO - Module loaded.
2025-03-16 20:04:39,678 - elsapy.elsclient - INFO - Sending GET request to https://api.elsevier.com/content/search/scopus?query=Quantum-Enhanced+Support+Vector+Machine+for+Large-Scale+Stellar+Classification+with+GPU+Acceleration
2025-03-16 20:04:40,995 - elsapy.utils - INFO - Converting prism:coverDate
2025-03-16 20:04:41,992 - elsapy.elsclient - INFO - Sending GET request to https://api.elsevier.com/content/abstract/scopus_id/85218638531
2025-03-16 20:04:42,709 - elsapy.elsentity - INFO - Data loaded for https://api.elsevier.com/content/abstract/scopus_id/85218638531
2025-03-16 20:04:48,343 - elsapy.elsclient - INFO - Sending GET request to https://api.elsevier.com/content/abstract/scopus_id/85218484108
2025-03-16 20:04:49,021 - elsapy.elsentity - INFO - Data loaded for https://api.elsevier.com/content/abstract/scopus_id/85218484108
2025-03-16 20:04:54,585 - elsapy.elsclient - INFO - Sending GET request to https://api.elsevier.com/content/abstract/scopus_id/85217695831
2025-03-16 20:04:55,411 - elsapy.elsentity - INFO - Data loaded for https://api.elsevier.com/content/abstract/scopus_id/85217695831
2025-03-16 20:05:00,984 - elsapy.elsclient - INFO - Sending GET request to https://api.elsevier.com/content/abstract/scopus_id/85217179233
2025-03-16 20:05:01,763 - elsapy.elsentity - INFO - Data loaded for https://api.elsevier.com/content/abstract/scopus_id/85217179233
2025-03-16 20:05:07,226 - elsapy.elsclient - INFO - Sending GET request to https://api.elsevier.com/content/abstract/scopus_id/85217172088
2025-03-16 20:05:07,900 - elsapy.elsentity - INFO - Data loaded for https://api.elsevier.com/content/abstract/scopus_id/85217172088
2025-03-16 20:05:13,512 - elsapy.elsclient - INFO - Sending GET request to https://api.elsevier.com/content/abstract/scopus_id/85204656794
2025-03-16 20:05:14,162 - elsapy.elsentity - INFO - Data loaded for https://api.elsevier.com/content/abstract/scopus_id/85204656794
2025-03-16 20:05:19,594 - elsapy.elsclient - INFO - Sending GET request to https://api.elsevier.com/content/abstract/scopus_id/85203675730
2025-03-16 20:05:20,306 - elsapy.elsentity - INFO - Data loaded for https://api.elsevier.com/content/abstract/scopus_id/85203675730
2025-03-16 20:05:25,881 - elsapy.elsclient - INFO - Sending GET request to https://api.elsevier.com/content/abstract/scopus_id/85201086278
2025-03-16 20:05:26,616 - elsapy.elsentity - INFO - Data loaded for https://api.elsevier.com/content/abstract/scopus_id/85201086278
2025-03-16 20:07:54,553 - elsapy.elsclient - INFO - Module loaded.
2025-03-16 20:07:55,352 - elsapy.utils - INFO - Module loaded.
2025-03-16 20:07:55,353 - elsapy.elssearch - INFO - Module loaded.
2025-03-16 20:07:55,356 - elsapy.elsentity - INFO - Module loaded.
2025-03-16 20:07:55,357 - elsapy.elsdoc - INFO - Module loaded.
2025-03-16 20:09:31,378 - elsapy.elsclient - INFO - Module loaded.
2025-03-16 20:09:32,091 - elsapy.utils - INFO - Module loaded.
2025-03-16 20:09:32,092 - elsapy.elssearch - INFO - Module loaded.
2025-03-16 20:09:32,095 - elsapy.elsentity - INFO - Module loaded.
2025-03-16 20:09:32,096 - elsapy.elsdoc - INFO - Module loaded.
2025-03-16 20:09:43,998 - elsapy.elsclient - INFO - Module loaded.
2025-03-16 20:09:44,604 - elsapy.utils - INFO - Module loaded.
2025-03-16 20:09:44,604 - elsapy.elssearch - INFO - Module loaded.
2025-03-16 20:09:44,605 - elsapy.elsentity - INFO - Module loaded.
2025-03-16 20:09:44,606 - elsapy.elsdoc - INFO - Module loaded.
2025-03-16 20:09:52,035 - elsapy.elsclient - INFO - Module loaded.
2025-03-16 20:09:52,623 - elsapy.utils - INFO - Module loaded.
2025-03-16 20:09:52,623 - elsapy.elssearch - INFO - Module loaded.
2025-03-16 20:09:52,625 - elsapy.elsentity - INFO - Module loaded.
2025-03-16 20:09:52,625 - elsapy.elsdoc - INFO - Module loaded.
2025-03-16 20:14:17,855 - elsapy.elsclient - INFO - Sending GET request to https://api.elsevier.com/content/search/scopus?query=Quantum-Enhanced+Support+Vector+Machine+for+Large-Scale+Stellar+Classification+with+GPU+Acceleration
2025-03-16 20:14:19,195 - elsapy.utils - INFO - Converting prism:coverDate
2025-03-16 20:14:20,187 - elsapy.elsclient - INFO - Sending GET request to https://api.elsevier.com/content/abstract/scopus_id/85218638531
2025-03-16 20:14:20,967 - elsapy.elsentity - INFO - Data loaded for https://api.elsevier.com/content/abstract/scopus_id/85218638531
2025-03-16 20:14:26,598 - elsapy.elsclient - INFO - Sending GET request to https://api.elsevier.com/content/abstract/scopus_id/85218484108
2025-03-16 20:14:27,362 - elsapy.elsentity - INFO - Data loaded for https://api.elsevier.com/content/abstract/scopus_id/85218484108
2025-03-16 20:14:32,813 - elsapy.elsclient - INFO - Sending GET request to https://api.elsevier.com/content/abstract/scopus_id/85217695831
2025-03-16 20:14:33,566 - elsapy.elsentity - INFO - Data loaded for https://api.elsevier.com/content/abstract/scopus_id/85217695831
2025-03-16 20:14:39,158 - elsapy.elsclient - INFO - Sending GET request to https://api.elsevier.com/content/abstract/scopus_id/85217179233
2025-03-16 20:14:39,863 - elsapy.elsentity - INFO - Data loaded for https://api.elsevier.com/content/abstract/scopus_id/85217179233
2025-03-16 20:14:45,320 - elsapy.elsclient - INFO - Sending GET request to https://api.elsevier.com/content/abstract/scopus_id/85217172088
2025-03-16 20:14:46,112 - elsapy.elsentity - INFO - Data loaded for https://api.elsevier.com/content/abstract/scopus_id/85217172088
2025-03-16 20:14:51,677 - elsapy.elsclient - INFO - Sending GET request to https://api.elsevier.com/content/abstract/scopus_id/85204656794
2025-03-16 20:14:52,425 - elsapy.elsentity - INFO - Data loaded for https://api.elsevier.com/content/abstract/scopus_id/85204656794
2025-03-16 20:14:57,983 - elsapy.elsclient - INFO - Sending GET request to https://api.elsevier.com/content/abstract/scopus_id/85203675730
2025-03-16 20:14:58,631 - elsapy.elsentity - INFO - Data loaded for https://api.elsevier.com/content/abstract/scopus_id/85203675730
2025-03-16 20:15:04,075 - elsapy.elsclient - INFO - Sending GET request to https://api.elsevier.com/content/abstract/scopus_id/85201086278
2025-03-16 20:15:04,874 - elsapy.elsentity - INFO - Data loaded for https://api.elsevier.com/content/abstract/scopus_id/85201086278
2025-03-16 20:17:19,739 - elsapy.elsclient - INFO - Module loaded.
2025-03-16 20:17:23,004 - elsapy.utils - INFO - Module loaded.
2025-03-16 20:17:23,005 - elsapy.elssearch - INFO - Module loaded.
2025-03-16 20:17:23,009 - elsapy.elsentity - INFO - Module loaded.
2025-03-16 20:17:23,010 - elsapy.elsdoc - INFO - Module loaded.
2025-03-16 20:18:17,731 - elsapy.elsclient - INFO - Sending GET request to https://api.elsevier.com/content/search/scopus?query=Quantum-Enhanced+Support+Vector+Machine+for+Large-Scale+Stellar+Classification+with+GPU+Acceleration
2025-03-16 20:18:18,726 - elsapy.utils - INFO - Converting prism:coverDate
2025-03-16 20:18:19,696 - elsapy.elsclient - INFO - Sending GET request to https://api.elsevier.com/content/abstract/scopus_id/85218638531
2025-03-16 20:18:20,393 - elsapy.elsentity - INFO - Data loaded for https://api.elsevier.com/content/abstract/scopus_id/85218638531
2025-03-16 20:18:26,021 - elsapy.elsclient - INFO - Sending GET request to https://api.elsevier.com/content/abstract/scopus_id/85218484108
2025-03-16 20:18:27,761 - elsapy.elsentity - INFO - Data loaded for https://api.elsevier.com/content/abstract/scopus_id/85218484108
2025-03-16 20:18:33,440 - elsapy.elsclient - INFO - Sending GET request to https://api.elsevier.com/content/abstract/scopus_id/85217695831
2025-03-16 20:18:35,723 - elsapy.elsentity - INFO - Data loaded for https://api.elsevier.com/content/abstract/scopus_id/85217695831
2025-03-16 20:18:41,382 - elsapy.elsclient - INFO - Sending GET request to https://api.elsevier.com/content/abstract/scopus_id/85217179233
2025-03-16 20:18:42,041 - elsapy.elsentity - INFO - Data loaded for https://api.elsevier.com/content/abstract/scopus_id/85217179233
2025-03-16 20:18:47,528 - elsapy.elsclient - INFO - Sending GET request to https://api.elsevier.com/content/abstract/scopus_id/85217172088
2025-03-16 20:18:48,238 - elsapy.elsentity - INFO - Data loaded for https://api.elsevier.com/content/abstract/scopus_id/85217172088
2025-03-16 20:18:53,700 - elsapy.elsclient - INFO - Sending GET request to https://api.elsevier.com/content/abstract/scopus_id/85204656794
2025-03-16 20:18:54,482 - elsapy.elsentity - INFO - Data loaded for https://api.elsevier.com/content/abstract/scopus_id/85204656794
2025-03-16 20:19:00,049 - elsapy.elsclient - INFO - Sending GET request to https://api.elsevier.com/content/abstract/scopus_id/85203675730
2025-03-16 20:19:00,813 - elsapy.elsentity - INFO - Data loaded for https://api.elsevier.com/content/abstract/scopus_id/85203675730
2025-03-16 20:19:06,351 - elsapy.elsclient - INFO - Sending GET request to https://api.elsevier.com/content/abstract/scopus_id/85201086278
2025-03-16 20:19:07,103 - elsapy.elsentity - INFO - Data loaded for https://api.elsevier.com/content/abstract/scopus_id/85201086278
2025-03-16 20:21:29,080 - elsapy.elsclient - INFO - Module loaded.
2025-03-16 20:21:30,045 - elsapy.utils - INFO - Module loaded.
2025-03-16 20:21:30,045 - elsapy.elssearch - INFO - Module loaded.
2025-03-16 20:21:30,048 - elsapy.elsentity - INFO - Module loaded.
2025-03-16 20:21:30,048 - elsapy.elsdoc - INFO - Module loaded.
2025-03-16 20:21:40,515 - elsapy.elsclient - INFO - Sending GET request to https://api.elsevier.com/content/search/scopus?query=Quantum-Enhanced+Support+Vector+Machine+for+Large-Scale+Stellar+Classification+with+GPU+Acceleration
2025-03-16 20:21:41,567 - elsapy.utils - INFO - Converting prism:coverDate
2025-03-16 20:21:42,563 - elsapy.elsclient - INFO - Sending GET request to https://api.elsevier.com/content/abstract/scopus_id/85218638531
2025-03-16 20:21:43,342 - elsapy.elsentity - INFO - Data loaded for https://api.elsevier.com/content/abstract/scopus_id/85218638531
2025-03-16 20:21:56,255 - elsapy.elsclient - INFO - Sending GET request to https://api.elsevier.com/content/abstract/scopus_id/85218484108
2025-03-16 20:21:57,041 - elsapy.elsentity - INFO - Data loaded for https://api.elsevier.com/content/abstract/scopus_id/85218484108
2025-03-16 20:22:04,736 - elsapy.elsclient - INFO - Sending GET request to https://api.elsevier.com/content/abstract/scopus_id/85217695831
2025-03-16 20:22:05,465 - elsapy.elsentity - INFO - Data loaded for https://api.elsevier.com/content/abstract/scopus_id/85217695831
2025-03-16 20:22:12,837 - elsapy.elsclient - INFO - Sending GET request to https://api.elsevier.com/content/abstract/scopus_id/85217179233
2025-03-16 20:22:13,576 - elsapy.elsentity - INFO - Data loaded for https://api.elsevier.com/content/abstract/scopus_id/85217179233
2025-03-16 20:22:21,043 - elsapy.elsclient - INFO - Sending GET request to https://api.elsevier.com/content/abstract/scopus_id/85217172088
2025-03-16 20:22:21,800 - elsapy.elsentity - INFO - Data loaded for https://api.elsevier.com/content/abstract/scopus_id/85217172088
2025-03-16 20:22:30,045 - elsapy.elsclient - INFO - Sending GET request to https://api.elsevier.com/content/abstract/scopus_id/85204656794
2025-03-16 20:22:30,789 - elsapy.elsentity - INFO - Data loaded for https://api.elsevier.com/content/abstract/scopus_id/85204656794
2025-03-16 20:22:49,389 - elsapy.elsclient - INFO - Sending GET request to https://api.elsevier.com/content/abstract/scopus_id/85203675730
2025-03-16 20:22:50,165 - elsapy.elsentity - INFO - Data loaded for https://api.elsevier.com/content/abstract/scopus_id/85203675730
2025-03-16 20:22:57,808 - elsapy.elsclient - INFO - Sending GET request to https://api.elsevier.com/content/abstract/scopus_id/85201086278
2025-03-16 20:22:58,484 - elsapy.elsentity - INFO - Data loaded for https://api.elsevier.com/content/abstract/scopus_id/85201086278
2025-03-16 20:27:39,363 - elsapy.elsclient - INFO - Sending GET request to https://api.elsevier.com/content/search/scopus?query=COMPARISON+OF+DJIKSTRA+ALGORITHM+AND+SPANNING+CYCLE+DETERMINING+SHORTEST+PATH
2025-03-16 20:29:44,530 - elsapy.elsclient - INFO - Module loaded.
2025-03-16 20:29:50,578 - elsapy.utils - INFO - Module loaded.
2025-03-16 20:29:50,579 - elsapy.elssearch - INFO - Module loaded.
2025-03-16 20:29:50,585 - elsapy.elsentity - INFO - Module loaded.
2025-03-16 20:29:50,586 - elsapy.elsdoc - INFO - Module loaded.
2025-03-16 20:31:09,134 - elsapy.elsclient - INFO - Sending GET request to https://api.elsevier.com/content/search/scopus?query=COMPARISON+OF+DJIKSTRA+ALGORITHM+AND+SPANNING+CYCLE+DETERMINING+SHORTEST+PATH
2025-03-16 20:32:21,452 - elsapy.elsclient - INFO - Sending GET request to https://api.elsevier.com/content/search/scopus?query=Quantum-Enhanced+Support+Vector+Machine+for+Large-Scale+Stellar+Classification+with+GPU+Acceleration
2025-03-16 20:32:22,412 - elsapy.utils - INFO - Converting prism:coverDate
2025-03-16 20:32:23,403 - elsapy.elsclient - INFO - Sending GET request to https://api.elsevier.com/content/abstract/scopus_id/85218638531
2025-03-16 20:32:24,135 - elsapy.elsentity - INFO - Data loaded for https://api.elsevier.com/content/abstract/scopus_id/85218638531
2025-03-16 20:32:30,288 - elsapy.elsclient - INFO - Sending GET request to https://api.elsevier.com/content/abstract/scopus_id/85218484108
2025-03-16 20:32:31,106 - elsapy.elsentity - INFO - Data loaded for https://api.elsevier.com/content/abstract/scopus_id/85218484108
2025-03-16 20:32:36,923 - elsapy.elsclient - INFO - Sending GET request to https://api.elsevier.com/content/abstract/scopus_id/85217695831
2025-03-16 20:32:37,715 - elsapy.elsentity - INFO - Data loaded for https://api.elsevier.com/content/abstract/scopus_id/85217695831
2025-03-16 20:32:43,322 - elsapy.elsclient - INFO - Sending GET request to https://api.elsevier.com/content/abstract/scopus_id/85217179233
2025-03-16 20:32:44,213 - elsapy.elsentity - INFO - Data loaded for https://api.elsevier.com/content/abstract/scopus_id/85217179233
2025-03-16 20:32:51,882 - elsapy.elsclient - INFO - Sending GET request to https://api.elsevier.com/content/abstract/scopus_id/85217172088
2025-03-16 20:32:52,654 - elsapy.elsentity - INFO - Data loaded for https://api.elsevier.com/content/abstract/scopus_id/85217172088
2025-03-16 20:32:58,312 - elsapy.elsclient - INFO - Sending GET request to https://api.elsevier.com/content/abstract/scopus_id/85204656794
2025-03-16 20:32:59,005 - elsapy.elsentity - INFO - Data loaded for https://api.elsevier.com/content/abstract/scopus_id/85204656794
2025-03-16 20:33:04,690 - elsapy.elsclient - INFO - Sending GET request to https://api.elsevier.com/content/abstract/scopus_id/85203675730
2025-03-16 20:33:05,427 - elsapy.elsentity - INFO - Data loaded for https://api.elsevier.com/content/abstract/scopus_id/85203675730
2025-03-16 20:33:11,249 - elsapy.elsclient - INFO - Sending GET request to https://api.elsevier.com/content/abstract/scopus_id/85201086278
2025-03-16 20:33:11,995 - elsapy.elsentity - INFO - Data loaded for https://api.elsevier.com/content/abstract/scopus_id/85201086278
2025-03-16 20:33:54,166 - elsapy.elsclient - INFO - Module loaded.
2025-03-16 20:33:55,183 - elsapy.utils - INFO - Module loaded.
2025-03-16 20:33:55,184 - elsapy.elssearch - INFO - Module loaded.
2025-03-16 20:33:55,187 - elsapy.elsentity - INFO - Module loaded.
2025-03-16 20:33:55,188 - elsapy.elsdoc - INFO - Module loaded.
2025-03-16 20:34:01,107 - elsapy.elsclient - INFO - Sending GET request to https://api.elsevier.com/content/search/scopus?query=Quantum-Enhanced+Support+Vector+Machine+for+Large-Scale+Stellar+Classification+with+GPU+Acceleration
2025-03-16 20:34:02,055 - elsapy.utils - INFO - Converting prism:coverDate
2025-03-16 20:34:03,052 - elsapy.elsclient - INFO - Sending GET request to https://api.elsevier.com/content/abstract/scopus_id/85218638531
2025-03-16 20:34:03,864 - elsapy.elsentity - INFO - Data loaded for https://api.elsevier.com/content/abstract/scopus_id/85218638531
2025-03-16 20:34:09,963 - elsapy.elsclient - INFO - Sending GET request to https://api.elsevier.com/content/abstract/scopus_id/85218484108
2025-03-16 20:34:10,793 - elsapy.elsentity - INFO - Data loaded for https://api.elsevier.com/content/abstract/scopus_id/85218484108
2025-03-16 20:34:16,722 - elsapy.elsclient - INFO - Sending GET request to https://api.elsevier.com/content/abstract/scopus_id/85217695831
2025-03-16 20:34:17,589 - elsapy.elsentity - INFO - Data loaded for https://api.elsevier.com/content/abstract/scopus_id/85217695831
2025-03-16 20:34:23,399 - elsapy.elsclient - INFO - Sending GET request to https://api.elsevier.com/content/abstract/scopus_id/85217179233
2025-03-16 20:34:24,244 - elsapy.elsentity - INFO - Data loaded for https://api.elsevier.com/content/abstract/scopus_id/85217179233
2025-03-16 20:34:30,038 - elsapy.elsclient - INFO - Sending GET request to https://api.elsevier.com/content/abstract/scopus_id/85217172088
2025-03-16 20:34:30,806 - elsapy.elsentity - INFO - Data loaded for https://api.elsevier.com/content/abstract/scopus_id/85217172088
2025-03-16 20:34:36,821 - elsapy.elsclient - INFO - Sending GET request to https://api.elsevier.com/content/abstract/scopus_id/85204656794
2025-03-16 20:34:37,586 - elsapy.elsentity - INFO - Data loaded for https://api.elsevier.com/content/abstract/scopus_id/85204656794
2025-03-16 20:34:43,995 - elsapy.elsclient - INFO - Sending GET request to https://api.elsevier.com/content/abstract/scopus_id/85203675730
2025-03-16 20:34:44,790 - elsapy.elsentity - INFO - Data loaded for https://api.elsevier.com/content/abstract/scopus_id/85203675730
2025-03-16 20:34:50,559 - elsapy.elsclient - INFO - Sending GET request to https://api.elsevier.com/content/abstract/scopus_id/85201086278
2025-03-16 20:34:51,374 - elsapy.elsentity - INFO - Data loaded for https://api.elsevier.com/content/abstract/scopus_id/85201086278
2025-03-16 20:35:51,470 - elsapy.elsclient - INFO - Module loaded.
2025-03-16 20:35:52,282 - elsapy.utils - INFO - Module loaded.
2025-03-16 20:35:52,282 - elsapy.elssearch - INFO - Module loaded.
2025-03-16 20:35:52,286 - elsapy.elsentity - INFO - Module loaded.
2025-03-16 20:35:52,286 - elsapy.elsdoc - INFO - Module loaded.
2025-03-16 20:36:00,484 - elsapy.elsclient - INFO - Module loaded.
2025-03-16 20:36:01,050 - elsapy.utils - INFO - Module loaded.
2025-03-16 20:36:01,051 - elsapy.elssearch - INFO - Module loaded.
2025-03-16 20:36:01,053 - elsapy.elsentity - INFO - Module loaded.
2025-03-16 20:36:01,053 - elsapy.elsdoc - INFO - Module loaded.
2025-03-16 20:36:30,693 - elsapy.elsclient - INFO - Sending GET request to https://api.elsevier.com/content/search/scopus?query=Quantum-Enhanced+Support+Vector+Machine+for+Large-Scale+Stellar+Classification+with+GPU+Acceleration
2025-03-16 20:36:31,542 - elsapy.utils - INFO - Converting prism:coverDate
2025-03-16 20:36:32,539 - elsapy.elsclient - INFO - Sending GET request to https://api.elsevier.com/content/abstract/scopus_id/85218638531
2025-03-16 20:36:33,240 - elsapy.elsentity - INFO - Data loaded for https://api.elsevier.com/content/abstract/scopus_id/85218638531
2025-03-16 20:36:46,739 - elsapy.elsclient - INFO - Sending GET request to https://api.elsevier.com/content/abstract/scopus_id/85218484108
2025-03-16 20:36:47,527 - elsapy.elsentity - INFO - Data loaded for https://api.elsevier.com/content/abstract/scopus_id/85218484108
2025-03-16 20:36:55,254 - elsapy.elsclient - INFO - Sending GET request to https://api.elsevier.com/content/abstract/scopus_id/85217695831
2025-03-16 20:36:56,044 - elsapy.elsentity - INFO - Data loaded for https://api.elsevier.com/content/abstract/scopus_id/85217695831
2025-03-16 20:37:04,119 - elsapy.elsclient - INFO - Sending GET request to https://api.elsevier.com/content/abstract/scopus_id/85217179233
2025-03-16 20:37:04,904 - elsapy.elsentity - INFO - Data loaded for https://api.elsevier.com/content/abstract/scopus_id/85217179233
2025-03-16 20:37:13,807 - elsapy.elsclient - INFO - Sending GET request to https://api.elsevier.com/content/abstract/scopus_id/85217172088
2025-03-16 20:37:14,534 - elsapy.elsentity - INFO - Data loaded for https://api.elsevier.com/content/abstract/scopus_id/85217172088
2025-03-16 20:37:21,969 - elsapy.elsclient - INFO - Sending GET request to https://api.elsevier.com/content/abstract/scopus_id/85204656794
2025-03-16 20:37:24,117 - elsapy.elsentity - INFO - Data loaded for https://api.elsevier.com/content/abstract/scopus_id/85204656794
2025-03-16 20:37:32,206 - elsapy.elsclient - INFO - Sending GET request to https://api.elsevier.com/content/abstract/scopus_id/85203675730
2025-03-16 20:37:33,258 - elsapy.elsentity - INFO - Data loaded for https://api.elsevier.com/content/abstract/scopus_id/85203675730
2025-03-16 20:37:41,140 - elsapy.elsclient - INFO - Sending GET request to https://api.elsevier.com/content/abstract/scopus_id/85201086278
2025-03-16 20:37:41,877 - elsapy.elsentity - INFO - Data loaded for https://api.elsevier.com/content/abstract/scopus_id/85201086278
2025-03-16 20:37:53,827 - elsapy.elsclient - INFO - Module loaded.
2025-03-16 20:37:54,467 - elsapy.utils - INFO - Module loaded.
2025-03-16 20:37:54,468 - elsapy.elssearch - INFO - Module loaded.
2025-03-16 20:37:54,470 - elsapy.elsentity - INFO - Module loaded.
2025-03-16 20:37:54,470 - elsapy.elsdoc - INFO - Module loaded.
2025-03-16 20:38:23,509 - elsapy.elsclient - INFO - Module loaded.
2025-03-16 20:38:24,105 - elsapy.utils - INFO - Module loaded.
2025-03-16 20:38:24,107 - elsapy.elssearch - INFO - Module loaded.
2025-03-16 20:38:24,109 - elsapy.elsentity - INFO - Module loaded.
2025-03-16 20:38:24,110 - elsapy.elsdoc - INFO - Module loaded.
2025-03-16 20:38:30,196 - elsapy.elsclient - INFO - Sending GET request to https://api.elsevier.com/content/search/scopus?query=Quantum-Enhanced+Support+Vector+Machine+for+Large-Scale+Stellar+Classification+with+GPU+Acceleration
2025-03-16 20:38:31,116 - elsapy.utils - INFO - Converting prism:coverDate
2025-03-16 20:38:32,113 - elsapy.elsclient - INFO - Sending GET request to https://api.elsevier.com/content/abstract/scopus_id/85218638531
2025-03-16 20:38:32,894 - elsapy.elsentity - INFO - Data loaded for https://api.elsevier.com/content/abstract/scopus_id/85218638531
2025-03-16 20:39:24,112 - elsapy.elsclient - INFO - Sending GET request to https://api.elsevier.com/content/abstract/scopus_id/85218484108
2025-03-16 20:40:06,119 - elsapy.elsentity - WARNING - HTTPSConnectionPool(host='api.elsevier.com', port=443): Max retries exceeded with url: /content/abstract/scopus_id/85218484108 (Caused by ConnectTimeoutError(<urllib3.connection.HTTPSConnection object at 0x00000151F12F4850>, 'Connection to api.elsevier.com timed out. (connect timeout=None)'))
2025-03-16 20:40:22,193 - elsapy.elsclient - INFO - Sending GET request to https://api.elsevier.com/content/abstract/scopus_id/85217695831
2025-03-16 20:42:20,917 - elsapy.elsclient - INFO - Module loaded.
2025-03-16 20:42:27,676 - elsapy.utils - INFO - Module loaded.
2025-03-16 20:42:27,677 - elsapy.elssearch - INFO - Module loaded.
2025-03-16 20:42:27,681 - elsapy.elsentity - INFO - Module loaded.
2025-03-16 20:42:27,682 - elsapy.elsdoc - INFO - Module loaded.
2025-03-16 20:43:14,561 - elsapy.elsclient - INFO - Module loaded.
2025-03-16 20:43:15,368 - elsapy.utils - INFO - Module loaded.
2025-03-16 20:43:15,369 - elsapy.elssearch - INFO - Module loaded.
2025-03-16 20:43:15,372 - elsapy.elsentity - INFO - Module loaded.
2025-03-16 20:43:15,372 - elsapy.elsdoc - INFO - Module loaded.
2025-03-16 20:43:21,618 - elsapy.elsclient - INFO - Sending GET request to https://api.elsevier.com/content/search/scopus?query=Quantum-Enhanced+Support+Vector+Machine+for+Large-Scale+Stellar+Classification+with+GPU+Acceleration
2025-03-16 20:43:23,017 - elsapy.utils - INFO - Converting prism:coverDate
2025-03-16 20:47:43,448 - elsapy.elsclient - INFO - Module loaded.
2025-03-16 20:47:44,757 - elsapy.utils - INFO - Module loaded.
2025-03-16 20:47:44,758 - elsapy.elssearch - INFO - Module loaded.
2025-03-16 20:47:44,763 - elsapy.elsentity - INFO - Module loaded.
2025-03-16 20:47:44,764 - elsapy.elsdoc - INFO - Module loaded.
2025-03-16 20:48:10,184 - elsapy.elsclient - INFO - Module loaded.
2025-03-16 20:48:10,799 - elsapy.utils - INFO - Module loaded.
2025-03-16 20:48:10,799 - elsapy.elssearch - INFO - Module loaded.
2025-03-16 20:48:10,801 - elsapy.elsentity - INFO - Module loaded.
2025-03-16 20:48:10,802 - elsapy.elsdoc - INFO - Module loaded.
2025-03-16 20:48:15,981 - elsapy.elsclient - INFO - Sending GET request to https://api.elsevier.com/content/search/scopus?query=Quantum-Enhanced+Support+Vector+Machine+for+Large-Scale+Stellar+Classification+with+GPU+Acceleration
2025-03-16 20:48:17,983 - elsapy.utils - INFO - Converting prism:coverDate
2025-03-16 20:50:40,635 - elsapy.elsclient - INFO - Module loaded.
2025-03-16 20:50:41,274 - elsapy.utils - INFO - Module loaded.
2025-03-16 20:50:41,275 - elsapy.elssearch - INFO - Module loaded.
2025-03-16 20:50:41,278 - elsapy.elsentity - INFO - Module loaded.
2025-03-16 20:50:41,278 - elsapy.elsdoc - INFO - Module loaded.
2025-03-16 20:50:46,416 - elsapy.elsclient - INFO - Sending GET request to https://api.elsevier.com/content/search/scopus?query=Quantum-Enhanced+Support+Vector+Machine+for+Large-Scale+Stellar+Classification+with+GPU+Acceleration
2025-03-16 20:50:47,496 - elsapy.utils - INFO - Converting prism:coverDate
2025-03-16 20:56:21,414 - elsapy.elsclient - INFO - Module loaded.
2025-03-16 20:56:22,205 - elsapy.utils - INFO - Module loaded.
2025-03-16 20:56:22,205 - elsapy.elssearch - INFO - Module loaded.
2025-03-16 20:56:22,209 - elsapy.elsentity - INFO - Module loaded.
2025-03-16 20:56:22,209 - elsapy.elsdoc - INFO - Module loaded.
2025-03-16 20:56:27,615 - elsapy.elsclient - INFO - Sending GET request to https://api.elsevier.com/content/search/scopus?query=Quantum-Enhanced+Support+Vector+Machine+for+Large-Scale+Stellar+Classification+with+GPU+Acceleration
2025-03-16 20:56:28,999 - elsapy.utils - INFO - Converting prism:coverDate
2025-03-16 21:00:51,257 - elsapy.elsclient - INFO - Module loaded.
2025-03-16 21:00:52,116 - elsapy.utils - INFO - Module loaded.
2025-03-16 21:00:52,116 - elsapy.elssearch - INFO - Module loaded.
2025-03-16 21:00:52,120 - elsapy.elsentity - INFO - Module loaded.
2025-03-16 21:00:52,120 - elsapy.elsdoc - INFO - Module loaded.
2025-03-16 21:04:08,818 - elsapy.elsclient - INFO - Sending GET request to https://api.elsevier.com/content/search/scopus?query=Application+of+the+Dijkstra+Method+in+the+Geographic+Information+System+of+the+Nearest+School+Route+Based+on+Android
2025-03-16 21:04:10,039 - elsapy.utils - INFO - Converting prism:coverDate
2025-03-16 21:10:32,645 - elsapy.elsclient - INFO - Module loaded.
2025-03-16 21:10:33,448 - elsapy.utils - INFO - Module loaded.
2025-03-16 21:10:33,449 - elsapy.elssearch - INFO - Module loaded.
2025-03-16 21:10:33,452 - elsapy.elsentity - INFO - Module loaded.
2025-03-16 21:10:33,453 - elsapy.elsdoc - INFO - Module loaded.
2025-03-16 21:11:05,296 - elsapy.elsclient - INFO - Module loaded.
2025-03-16 21:11:05,852 - elsapy.utils - INFO - Module loaded.
2025-03-16 21:11:05,853 - elsapy.elssearch - INFO - Module loaded.
2025-03-16 21:11:05,855 - elsapy.elsentity - INFO - Module loaded.
2025-03-16 21:11:05,855 - elsapy.elsdoc - INFO - Module loaded.
2025-03-16 21:14:25,337 - elsapy.elsclient - INFO - Sending GET request to https://api.elsevier.com/content/search/scopus?query=Application+of+the+Dijkstra+Method+in+the+Geographic+Information+System+of+the+Nearest+School+Route+Based+on+Android
2025-03-16 21:14:26,488 - elsapy.utils - INFO - Converting prism:coverDate
2025-03-16 21:18:42,585 - elsapy.elsclient - INFO - Module loaded.
2025-03-16 21:18:43,349 - elsapy.utils - INFO - Module loaded.
2025-03-16 21:18:43,350 - elsapy.elssearch - INFO - Module loaded.
2025-03-16 21:18:43,353 - elsapy.elsentity - INFO - Module loaded.
2025-03-16 21:18:43,354 - elsapy.elsdoc - INFO - Module loaded.
2025-03-16 21:18:51,558 - elsapy.elsclient - INFO - Sending GET request to https://api.elsevier.com/content/search/scopus?query=Application+of+the+Dijkstra+Method+in+the+Geographic+Information+System+of+the+Nearest+School+Route+Based+on+Android
2025-03-16 21:18:52,631 - elsapy.utils - INFO - Converting prism:coverDate
2025-03-16 21:26:09,129 - elsapy.elsclient - INFO - Module loaded.
2025-03-16 21:26:14,454 - elsapy.utils - INFO - Module loaded.
2025-03-16 21:26:14,455 - elsapy.elssearch - INFO - Module loaded.
2025-03-16 21:26:14,461 - elsapy.elsentity - INFO - Module loaded.
2025-03-16 21:26:14,463 - elsapy.elsdoc - INFO - Module loaded.
2025-03-16 21:26:53,663 - elsapy.elsclient - INFO - Sending GET request to https://api.elsevier.com/content/search/scopus?query=Application+of+the+Dijkstra+Method+in+the+Geographic+Information+System+of+the+Nearest+School+Route+Based+on+Android
2025-03-16 21:26:54,960 - elsapy.utils - INFO - Converting prism:coverDate
2025-03-16 21:28:03,163 - elsapy.elsclient - INFO - Module loaded.
2025-03-16 21:28:03,990 - elsapy.utils - INFO - Module loaded.
2025-03-16 21:28:03,991 - elsapy.elssearch - INFO - Module loaded.
2025-03-16 21:28:03,993 - elsapy.elsentity - INFO - Module loaded.
2025-03-16 21:28:03,994 - elsapy.elsdoc - INFO - Module loaded.
2025-03-16 21:28:44,301 - elsapy.elsclient - INFO - Module loaded.
2025-03-16 21:28:45,014 - elsapy.utils - INFO - Module loaded.
2025-03-16 21:28:45,015 - elsapy.elssearch - INFO - Module loaded.
2025-03-16 21:28:45,020 - elsapy.elsentity - INFO - Module loaded.
2025-03-16 21:28:45,021 - elsapy.elsdoc - INFO - Module loaded.
2025-03-16 21:28:50,801 - elsapy.elsclient - INFO - Sending GET request to https://api.elsevier.com/content/search/scopus?query=Application+of+the+Dijkstra+Method+in+the+Geographic+Information+System+of+the+Nearest+School+Route+Based+on+Android
2025-03-16 21:28:51,726 - elsapy.utils - INFO - Converting prism:coverDate
2025-03-16 21:31:31,607 - elsapy.elsclient - INFO - Module loaded.
2025-03-16 21:31:32,424 - elsapy.utils - INFO - Module loaded.
2025-03-16 21:31:32,424 - elsapy.elssearch - INFO - Module loaded.
2025-03-16 21:31:32,428 - elsapy.elsentity - INFO - Module loaded.
2025-03-16 21:31:32,428 - elsapy.elsdoc - INFO - Module loaded.
2025-03-16 21:31:47,712 - elsapy.elsclient - INFO - Module loaded.
2025-03-16 21:31:48,322 - elsapy.utils - INFO - Module loaded.
2025-03-16 21:31:48,322 - elsapy.elssearch - INFO - Module loaded.
2025-03-16 21:31:48,324 - elsapy.elsentity - INFO - Module loaded.
2025-03-16 21:31:48,324 - elsapy.elsdoc - INFO - Module loaded.
2025-03-16 21:31:53,977 - elsapy.elsclient - INFO - Sending GET request to https://api.elsevier.com/content/search/scopus?query=Application+of+the+Dijkstra+Method+in+the+Geographic+Information+System+of+the+Nearest+School+Route+Based+on+Android
2025-03-16 21:31:55,228 - elsapy.utils - INFO - Converting prism:coverDate
2025-03-16 21:39:11,679 - elsapy.elsclient - INFO - Module loaded.
2025-03-16 21:39:12,457 - elsapy.utils - INFO - Module loaded.
2025-03-16 21:39:12,457 - elsapy.elssearch - INFO - Module loaded.
2025-03-16 21:39:12,460 - elsapy.elsentity - INFO - Module loaded.
2025-03-16 21:39:12,460 - elsapy.elsdoc - INFO - Module loaded.
2025-03-16 21:39:23,993 - elsapy.elsclient - INFO - Module loaded.
2025-03-16 21:39:24,605 - elsapy.utils - INFO - Module loaded.
2025-03-16 21:39:24,605 - elsapy.elssearch - INFO - Module loaded.
2025-03-16 21:39:24,607 - elsapy.elsentity - INFO - Module loaded.
2025-03-16 21:39:24,607 - elsapy.elsdoc - INFO - Module loaded.
2025-03-16 21:39:36,118 - elsapy.elsclient - INFO - Sending GET request to https://api.elsevier.com/content/search/scopus?query=Application+of+the+Dijkstra+Method+in+the+Geographic+Information+System+of+the+Nearest+School+Route+Based+on+Android
2025-03-16 21:39:37,379 - elsapy.utils - INFO - Converting prism:coverDate
2025-03-16 21:42:39,804 - elsapy.elsclient - INFO - Module loaded.
2025-03-16 21:42:40,559 - elsapy.utils - INFO - Module loaded.
2025-03-16 21:42:40,560 - elsapy.elssearch - INFO - Module loaded.
2025-03-16 21:42:40,563 - elsapy.elsentity - INFO - Module loaded.
2025-03-16 21:42:40,563 - elsapy.elsdoc - INFO - Module loaded.
2025-03-16 21:42:56,480 - elsapy.elsclient - INFO - Module loaded.
2025-03-16 21:42:57,045 - elsapy.utils - INFO - Module loaded.
2025-03-16 21:42:57,045 - elsapy.elssearch - INFO - Module loaded.
2025-03-16 21:42:57,047 - elsapy.elsentity - INFO - Module loaded.
2025-03-16 21:42:57,047 - elsapy.elsdoc - INFO - Module loaded.
2025-03-16 21:43:06,294 - elsapy.elsclient - INFO - Module loaded.
2025-03-16 21:43:06,907 - elsapy.utils - INFO - Module loaded.
2025-03-16 21:43:06,907 - elsapy.elssearch - INFO - Module loaded.
2025-03-16 21:43:06,909 - elsapy.elsentity - INFO - Module loaded.
2025-03-16 21:43:06,910 - elsapy.elsdoc - INFO - Module loaded.
2025-03-16 21:43:13,397 - elsapy.elsclient - INFO - Sending GET request to https://api.elsevier.com/content/search/scopus?query=Application+of+the+Dijkstra+Method+in+the+Geographic+Information+System+of+the+Nearest+School+Route+Based+on+Android
2025-03-16 21:43:14,234 - elsapy.utils - INFO - Converting prism:coverDate
2025-03-16 21:46:36,085 - elsapy.elsclient - INFO - Sending GET request to https://api.elsevier.com/content/search/scopus?query=Quantum-Enhanced+Support+Vector+Machine+for+Large-Scale+Stellar+Classification+with+GPU+Acceleration
2025-03-16 21:46:37,264 - elsapy.utils - INFO - Converting prism:coverDate
2025-03-16 21:53:33,376 - elsapy.elsclient - INFO - Module loaded.
2025-03-16 21:53:34,109 - elsapy.utils - INFO - Module loaded.
2025-03-16 21:53:34,109 - elsapy.elssearch - INFO - Module loaded.
2025-03-16 21:53:34,113 - elsapy.elsentity - INFO - Module loaded.
2025-03-16 21:53:34,113 - elsapy.elsdoc - INFO - Module loaded.
2025-03-16 21:53:40,130 - elsapy.elsclient - INFO - Sending GET request to https://api.elsevier.com/content/search/scopus?query=Quantum-Enhanced+Support+Vector+Machine+for+Large-Scale+Stellar+Classification+with+GPU+Acceleration
2025-03-16 21:53:41,609 - elsapy.utils - INFO - Converting prism:coverDate
