2025-03-17 19:11:46,252 - elsapy.elsclient - INFO - Module loaded.
2025-03-17 19:11:52,824 - elsapy.utils - INFO - Module loaded.
2025-03-17 19:11:52,825 - elsapy.elssearch - INFO - Module loaded.
2025-03-17 19:11:52,831 - elsapy.elsentity - INFO - Module loaded.
2025-03-17 19:11:52,831 - elsapy.elsdoc - INFO - Module loaded.
2025-03-17 19:13:06,035 - elsapy.elsclient - INFO - Sending GET request to https://api.elsevier.com/content/search/scopus?query=Quantum-Enhanced+Support+Vector+Machine+for+Large-Scale+Stellar+Classification+with+GPU+Acceleration
2025-03-17 19:13:08,391 - elsapy.utils - INFO - Converting prism:coverDate
2025-03-17 19:16:49,570 - elsapy.elsclient - INFO - Module loaded.
2025-03-17 19:16:55,560 - elsapy.utils - INFO - Module loaded.
2025-03-17 19:16:55,561 - elsapy.elssearch - INFO - Module loaded.
2025-03-17 19:16:55,566 - elsapy.elsentity - INFO - Module loaded.
2025-03-17 19:16:55,567 - elsapy.elsdoc - INFO - Module loaded.
2025-03-17 19:17:26,112 - elsapy.elsclient - INFO - Module loaded.
2025-03-17 19:17:27,224 - elsapy.utils - INFO - Module loaded.
2025-03-17 19:17:27,225 - elsapy.elssearch - INFO - Module loaded.
2025-03-17 19:17:27,230 - elsapy.elsentity - INFO - Module loaded.
2025-03-17 19:17:27,231 - elsapy.elsdoc - INFO - Module loaded.
2025-03-17 19:17:44,010 - elsapy.elsclient - INFO - Sending GET request to https://api.elsevier.com/content/search/scopus?query=Quantum-Enhanced+Support+Vector+Machine+for+Large-Scale+Stellar+Classification+with+GPU+Acceleration
2025-03-17 19:17:45,037 - elsapy.utils - INFO - Converting prism:coverDate
2025-03-17 19:20:49,032 - elsapy.elsclient - INFO - Module loaded.
2025-03-17 19:20:55,442 - elsapy.utils - INFO - Module loaded.
2025-03-17 19:20:55,442 - elsapy.elssearch - INFO - Module loaded.
2025-03-17 19:20:55,447 - elsapy.elsentity - INFO - Module loaded.
2025-03-17 19:20:55,448 - elsapy.elsdoc - INFO - Module loaded.
2025-03-17 19:21:45,998 - elsapy.elsclient - INFO - Sending GET request to https://api.elsevier.com/content/search/scopus?query=Quantum-Enhanced+Support+Vector+Machine+for+Large-Scale+Stellar+Classification+with+GPU+Acceleration
2025-03-17 19:21:48,467 - elsapy.utils - INFO - Converting prism:coverDate
2025-03-17 19:23:52,095 - elsapy.elsclient - INFO - Sending GET request to https://api.elsevier.com/content/search/scopus?query=Quantum-Enhanced+Support+Vector+Machine+for+Large-Scale+Stellar+Classification+with+GPU+Acceleration
2025-03-17 19:23:53,938 - elsapy.utils - INFO - Converting prism:coverDate
2025-03-17 19:28:08,671 - elsapy.elsclient - INFO - Sending GET request to https://api.elsevier.com/content/search/scopus?query=Quantum-Enhanced+Support+Vector+Machine+for+Large-Scale+Stellar+Classification+with+GPU+Acceleration
2025-03-17 19:28:10,194 - elsapy.utils - INFO - Converting prism:coverDate
